{"total": {"lines":{"total":26,"covered":24,"skipped":0,"pct":92.3},"statements":{"total":33,"covered":31,"skipped":0,"pct":93.93},"functions":{"total":15,"covered":14,"skipped":0,"pct":93.33},"branches":{"total":4,"covered":4,"skipped":0,"pct":100},"branchesTrue":{"total":0,"covered":0,"skipped":0,"pct":"Unknown"}}
,"/Users/angelpolanco/Documents/github-apps/vox langauge app/vox-language-app/hooks/useAuth.ts": {"lines":{"total":26,"covered":24,"skipped":0,"pct":92.3},"functions":{"total":15,"covered":14,"skipped":0,"pct":93.33},"statements":{"total":33,"covered":31,"skipped":0,"pct":93.93},"branches":{"total":4,"covered":4,"skipped":0,"pct":100}}
}
