{"/Users/angelpolanco/Documents/github-apps/vox langauge app/vox-language-app/components/OnboardingRedirectModal.tsx": {"path":"/Users/angelpolanco/Documents/github-apps/vox langauge app/vox-language-app/components/OnboardingRedirectModal.tsx","statementMap":{"0":{"start":{"line":14,"column":18},"end":{"line":14,"column":42}},"1":{"start":{"line":22,"column":22},"end":{"line":25,"column":3}},"2":{"start":{"line":23,"column":4},"end":{"line":23,"column":66}},"3":{"start":{"line":24,"column":4},"end":{"line":24,"column":14}},"4":{"start":{"line":27,"column":2},"end":{"line":218,"column":4}},"5":{"start":{"line":133,"column":16},"end":{"line":162,"column":23}}},"fnMap":{"0":{"name":"OnboardingRedirectModal","decl":{"start":{"line":21,"column":16},"end":{"line":21,"column":39}},"loc":{"start":{"line":21,"column":92},"end":{"line":219,"column":1}},"line":21},"1":{"name":"(anonymous_1)","decl":{"start":{"line":22,"column":22},"end":{"line":22,"column":23}},"loc":{"start":{"line":22,"column":34},"end":{"line":25,"column":3}},"line":22},"2":{"name":"(anonymous_2)","decl":{"start":{"line":132,"column":20},"end":{"line":132,"column":21}},"loc":{"start":{"line":133,"column":16},"end":{"line":162,"column":23}},"line":133}},"branchMap":{},"s":{"0":0,"1":0,"2":0,"3":0,"4":0,"5":0},"f":{"0":0,"1":0,"2":0},"b":{}}
,"/Users/angelpolanco/Documents/github-apps/vox langauge app/vox-language-app/components/animations/LottieError.tsx": {"path":"/Users/angelpolanco/Documents/github-apps/vox langauge app/vox-language-app/components/animations/LottieError.tsx","statementMap":{"0":{"start":{"line":17,"column":25},"end":{"line":17,"column":42}},"1":{"start":{"line":19,"column":2},"end":{"line":28,"column":30}},"2":{"start":{"line":20,"column":4},"end":{"line":27,"column":5}},"3":{"start":{"line":21,"column":6},"end":{"line":26,"column":8}},"4":{"start":{"line":30,"column":24},"end":{"line":34,"column":4}},"5":{"start":{"line":31,"column":4},"end":{"line":33,"column":6}},"6":{"start":{"line":36,"column":2},"end":{"line":52,"column":4}}},"fnMap":{"0":{"name":"LottieError","decl":{"start":{"line":12,"column":16},"end":{"line":12,"column":27}},"loc":{"start":{"line":16,"column":21},"end":{"line":53,"column":1}},"line":16},"1":{"name":"(anonymous_1)","decl":{"start":{"line":19,"column":12},"end":{"line":19,"column":13}},"loc":{"start":{"line":19,"column":18},"end":{"line":28,"column":3}},"line":19},"2":{"name":"(anonymous_2)","decl":{"start":{"line":30,"column":41},"end":{"line":30,"column":42}},"loc":{"start":{"line":30,"column":47},"end":{"line":34,"column":3}},"line":30}},"branchMap":{"0":{"loc":{"start":{"line":13,"column":2},"end":{"line":13,"column":35}},"type":"default-arg","locations":[{"start":{"line":13,"column":12},"end":{"line":13,"column":35}}],"line":13},"1":{"loc":{"start":{"line":14,"column":2},"end":{"line":14,"column":12}},"type":"default-arg","locations":[{"start":{"line":14,"column":9},"end":{"line":14,"column":12}}],"line":14},"2":{"loc":{"start":{"line":15,"column":2},"end":{"line":15,"column":14}},"type":"default-arg","locations":[{"start":{"line":15,"column":10},"end":{"line":15,"column":14}}],"line":15},"3":{"loc":{"start":{"line":20,"column":4},"end":{"line":27,"column":5}},"type":"if","locations":[{"start":{"line":20,"column":4},"end":{"line":27,"column":5}},{"start":{},"end":{}}],"line":20},"4":{"loc":{"start":{"line":38,"column":28},"end":{"line":38,"column":54}},"type":"cond-expr","locations":[{"start":{"line":38,"column":36},"end":{"line":38,"column":49}},{"start":{"line":38,"column":52},"end":{"line":38,"column":54}}],"line":38},"5":{"loc":{"start":{"line":46,"column":7},"end":{"line":50,"column":7}},"type":"binary-expr","locations":[{"start":{"line":46,"column":7},"end":{"line":46,"column":14}},{"start":{"line":47,"column":8},"end":{"line":49,"column":15}}],"line":46}},"s":{"0":0,"1":0,"2":0,"3":0,"4":0,"5":0,"6":0},"f":{"0":0,"1":0,"2":0},"b":{"0":[0],"1":[0],"2":[0],"3":[0,0],"4":[0,0],"5":[0,0]}}
,"/Users/angelpolanco/Documents/github-apps/vox langauge app/vox-language-app/components/animations/LottieLoader.tsx": {"path":"/Users/angelpolanco/Documents/github-apps/vox langauge app/vox-language-app/components/animations/LottieLoader.tsx","statementMap":{"0":{"start":{"line":11,"column":2},"end":{"line":25,"column":4}}},"fnMap":{"0":{"name":"LottieLoader","decl":{"start":{"line":10,"column":16},"end":{"line":10,"column":28}},"loc":{"start":{"line":10,"column":88},"end":{"line":26,"column":1}},"line":10}},"branchMap":{"0":{"loc":{"start":{"line":10,"column":31},"end":{"line":10,"column":53}},"type":"default-arg","locations":[{"start":{"line":10,"column":41},"end":{"line":10,"column":53}}],"line":10},"1":{"loc":{"start":{"line":10,"column":55},"end":{"line":10,"column":65}},"type":"default-arg","locations":[{"start":{"line":10,"column":62},"end":{"line":10,"column":65}}],"line":10},"2":{"loc":{"start":{"line":19,"column":7},"end":{"line":23,"column":7}},"type":"binary-expr","locations":[{"start":{"line":19,"column":7},"end":{"line":19,"column":14}},{"start":{"line":20,"column":8},"end":{"line":22,"column":15}}],"line":19}},"s":{"0":0},"f":{"0":0},"b":{"0":[0],"1":[0],"2":[0,0]}}
,"/Users/angelpolanco/Documents/github-apps/vox langauge app/vox-language-app/components/animations/LottieSuccess.tsx": {"path":"/Users/angelpolanco/Documents/github-apps/vox langauge app/vox-language-app/components/animations/LottieSuccess.tsx","statementMap":{"0":{"start":{"line":20,"column":2},"end":{"line":27,"column":49}},"1":{"start":{"line":21,"column":4},"end":{"line":26,"column":5}},"2":{"start":{"line":22,"column":20},"end":{"line":24,"column":25}},"3":{"start":{"line":23,"column":8},"end":{"line":23,"column":23}},"4":{"start":{"line":25,"column":6},"end":{"line":25,"column":39}},"5":{"start":{"line":25,"column":19},"end":{"line":25,"column":38}},"6":{"start":{"line":29,"column":2},"end":{"line":43,"column":4}}},"fnMap":{"0":{"name":"LottieSuccess","decl":{"start":{"line":13,"column":16},"end":{"line":13,"column":29}},"loc":{"start":{"line":19,"column":23},"end":{"line":44,"column":1}},"line":19},"1":{"name":"(anonymous_1)","decl":{"start":{"line":20,"column":12},"end":{"line":20,"column":13}},"loc":{"start":{"line":20,"column":18},"end":{"line":27,"column":3}},"line":20},"2":{"name":"(anonymous_2)","decl":{"start":{"line":22,"column":31},"end":{"line":22,"column":32}},"loc":{"start":{"line":22,"column":37},"end":{"line":24,"column":7}},"line":22},"3":{"name":"(anonymous_3)","decl":{"start":{"line":25,"column":13},"end":{"line":25,"column":14}},"loc":{"start":{"line":25,"column":19},"end":{"line":25,"column":38}},"line":25}},"branchMap":{"0":{"loc":{"start":{"line":14,"column":2},"end":{"line":14,"column":22}},"type":"default-arg","locations":[{"start":{"line":14,"column":12},"end":{"line":14,"column":22}}],"line":14},"1":{"loc":{"start":{"line":15,"column":2},"end":{"line":15,"column":12}},"type":"default-arg","locations":[{"start":{"line":15,"column":9},"end":{"line":15,"column":12}}],"line":15},"2":{"loc":{"start":{"line":17,"column":2},"end":{"line":17,"column":20}},"type":"default-arg","locations":[{"start":{"line":17,"column":16},"end":{"line":17,"column":20}}],"line":17},"3":{"loc":{"start":{"line":18,"column":2},"end":{"line":18,"column":24}},"type":"default-arg","locations":[{"start":{"line":18,"column":20},"end":{"line":18,"column":24}}],"line":18},"4":{"loc":{"start":{"line":21,"column":4},"end":{"line":26,"column":5}},"type":"if","locations":[{"start":{"line":21,"column":4},"end":{"line":26,"column":5}},{"start":{},"end":{}}],"line":21},"5":{"loc":{"start":{"line":37,"column":7},"end":{"line":41,"column":7}},"type":"binary-expr","locations":[{"start":{"line":37,"column":7},"end":{"line":37,"column":14}},{"start":{"line":38,"column":8},"end":{"line":40,"column":15}}],"line":37}},"s":{"0":0,"1":0,"2":0,"3":0,"4":0,"5":0,"6":0},"f":{"0":0,"1":0,"2":0,"3":0},"b":{"0":[0],"1":[0],"2":[0],"3":[0],"4":[0,0],"5":[0,0]}}
,"/Users/angelpolanco/Documents/github-apps/vox langauge app/vox-language-app/components/animations/index.tsx": {"path":"/Users/angelpolanco/Documents/github-apps/vox langauge app/vox-language-app/components/animations/index.tsx","statementMap":{},"fnMap":{},"branchMap":{},"s":{},"f":{},"b":{}}
,"/Users/angelpolanco/Documents/github-apps/vox langauge app/vox-language-app/components/cards/AudioControls.tsx": {"path":"/Users/angelpolanco/Documents/github-apps/vox langauge app/vox-language-app/components/cards/AudioControls.tsx","statementMap":{"0":{"start":{"line":23,"column":48},"end":{"line":23,"column":63}},"1":{"start":{"line":24,"column":44},"end":{"line":24,"column":59}},"2":{"start":{"line":25,"column":28},"end":{"line":25,"column":62}},"3":{"start":{"line":27,"column":22},"end":{"line":31,"column":3}},"4":{"start":{"line":33,"column":20},"end":{"line":37,"column":3}},"5":{"start":{"line":39,"column":20},"end":{"line":75,"column":3}},"6":{"start":{"line":40,"column":4},"end":{"line":74,"column":5}},"7":{"start":{"line":42,"column":6},"end":{"line":42,"column":67}},"8":{"start":{"line":44,"column":23},"end":{"line":44,"column":41}},"9":{"start":{"line":45,"column":27},"end":{"line":45,"column":75}},"10":{"start":{"line":47,"column":6},"end":{"line":47,"column":25}},"11":{"start":{"line":50,"column":6},"end":{"line":53,"column":7}},"12":{"start":{"line":51,"column":8},"end":{"line":51,"column":32}},"13":{"start":{"line":52,"column":8},"end":{"line":52,"column":34}},"14":{"start":{"line":57,"column":19},"end":{"line":57,"column":50}},"15":{"start":{"line":63,"column":6},"end":{"line":68,"column":9}},"16":{"start":{"line":66,"column":22},"end":{"line":66,"column":41}},"17":{"start":{"line":67,"column":23},"end":{"line":67,"column":42}},"18":{"start":{"line":71,"column":6},"end":{"line":71,"column":51}},"19":{"start":{"line":72,"column":27},"end":{"line":72,"column":85}},"20":{"start":{"line":73,"column":6},"end":{"line":73,"column":26}},"21":{"start":{"line":77,"column":22},"end":{"line":124,"column":3}},"22":{"start":{"line":86,"column":21},"end":{"line":88,"column":32}},"23":{"start":{"line":90,"column":4},"end":{"line":123,"column":6}},"24":{"start":{"line":92,"column":23},"end":{"line":92,"column":39}},"25":{"start":{"line":126,"column":2},"end":{"line":136,"column":4}},"26":{"start":{"line":139,"column":15},"end":{"line":166,"column":2}}},"fnMap":{"0":{"name":"AudioControls","decl":{"start":{"line":17,"column":16},"end":{"line":17,"column":29}},"loc":{"start":{"line":22,"column":23},"end":{"line":137,"column":1}},"line":22},"1":{"name":"(anonymous_1)","decl":{"start":{"line":39,"column":20},"end":{"line":39,"column":21}},"loc":{"start":{"line":39,"column":56},"end":{"line":75,"column":3}},"line":39},"2":{"name":"(anonymous_2)","decl":{"start":{"line":66,"column":16},"end":{"line":66,"column":17}},"loc":{"start":{"line":66,"column":22},"end":{"line":66,"column":41}},"line":66},"3":{"name":"(anonymous_3)","decl":{"start":{"line":67,"column":17},"end":{"line":67,"column":18}},"loc":{"start":{"line":67,"column":23},"end":{"line":67,"column":42}},"line":67},"4":{"name":"(anonymous_4)","decl":{"start":{"line":77,"column":22},"end":{"line":77,"column":23}},"loc":{"start":{"line":85,"column":8},"end":{"line":124,"column":3}},"line":85},"5":{"name":"(anonymous_5)","decl":{"start":{"line":92,"column":17},"end":{"line":92,"column":18}},"loc":{"start":{"line":92,"column":23},"end":{"line":92,"column":39}},"line":92}},"branchMap":{"0":{"loc":{"start":{"line":19,"column":2},"end":{"line":19,"column":20}},"type":"default-arg","locations":[{"start":{"line":19,"column":13},"end":{"line":19,"column":20}}],"line":19},"1":{"loc":{"start":{"line":20,"column":2},"end":{"line":20,"column":24}},"type":"default-arg","locations":[{"start":{"line":20,"column":12},"end":{"line":20,"column":24}}],"line":20},"2":{"loc":{"start":{"line":21,"column":2},"end":{"line":21,"column":17}},"type":"default-arg","locations":[{"start":{"line":21,"column":9},"end":{"line":21,"column":17}}],"line":21},"3":{"loc":{"start":{"line":45,"column":27},"end":{"line":45,"column":75}},"type":"cond-expr","locations":[{"start":{"line":45,"column":38},"end":{"line":45,"column":56}},{"start":{"line":45,"column":59},"end":{"line":45,"column":75}}],"line":45},"4":{"loc":{"start":{"line":50,"column":6},"end":{"line":53,"column":7}},"type":"if","locations":[{"start":{"line":50,"column":6},"end":{"line":53,"column":7}},{"start":{},"end":{}}],"line":50},"5":{"loc":{"start":{"line":57,"column":19},"end":{"line":57,"column":50}},"type":"cond-expr","locations":[{"start":{"line":57,"column":40},"end":{"line":57,"column":43}},{"start":{"line":57,"column":46},"end":{"line":57,"column":50}}],"line":57},"6":{"loc":{"start":{"line":65,"column":14},"end":{"line":65,"column":44}},"type":"cond-expr","locations":[{"start":{"line":65,"column":35},"end":{"line":65,"column":38}},{"start":{"line":65,"column":41},"end":{"line":65,"column":44}}],"line":65},"7":{"loc":{"start":{"line":72,"column":27},"end":{"line":72,"column":85}},"type":"cond-expr","locations":[{"start":{"line":72,"column":48},"end":{"line":72,"column":66}},{"start":{"line":72,"column":69},"end":{"line":72,"column":85}}],"line":72},"8":{"loc":{"start":{"line":86,"column":21},"end":{"line":88,"column":32}},"type":"cond-expr","locations":[{"start":{"line":87,"column":8},"end":{"line":87,"column":34}},{"start":{"line":88,"column":8},"end":{"line":88,"column":32}}],"line":86},"9":{"loc":{"start":{"line":109,"column":11},"end":{"line":117,"column":11}},"type":"cond-expr","locations":[{"start":{"line":110,"column":12},"end":{"line":110,"column":74}},{"start":{"line":112,"column":12},"end":{"line":116,"column":14}}],"line":109},"10":{"loc":{"start":{"line":113,"column":20},"end":{"line":113,"column":64}},"type":"cond-expr","locations":[{"start":{"line":113,"column":41},"end":{"line":113,"column":47}},{"start":{"line":113,"column":50},"end":{"line":113,"column":64}}],"line":113},"11":{"loc":{"start":{"line":130,"column":8},"end":{"line":130,"column":68}},"type":"cond-expr","locations":[{"start":{"line":130,"column":33},"end":{"line":130,"column":48}},{"start":{"line":130,"column":51},"end":{"line":130,"column":68}}],"line":130}},"s":{"0":0,"1":0,"2":0,"3":0,"4":0,"5":0,"6":0,"7":0,"8":0,"9":0,"10":0,"11":0,"12":0,"13":0,"14":0,"15":0,"16":0,"17":0,"18":0,"19":0,"20":0,"21":0,"22":0,"23":0,"24":0,"25":0,"26":0},"f":{"0":0,"1":0,"2":0,"3":0,"4":0,"5":0},"b":{"0":[0],"1":[0],"2":[0],"3":[0,0],"4":[0,0],"5":[0,0],"6":[0,0],"7":[0,0],"8":[0,0],"9":[0,0],"10":[0,0],"11":[0,0]}}
,"/Users/angelpolanco/Documents/github-apps/vox langauge app/vox-language-app/components/cards/AudioToImageCard.tsx": {"path":"/Users/angelpolanco/Documents/github-apps/vox langauge app/vox-language-app/components/cards/AudioToImageCard.tsx","statementMap":{"0":{"start":{"line":14,"column":18},"end":{"line":14,"column":42}},"1":{"start":{"line":15,"column":19},"end":{"line":15,"column":47}},"2":{"start":{"line":40,"column":48},"end":{"line":40,"column":77}},"3":{"start":{"line":41,"column":38},"end":{"line":41,"column":53}},"4":{"start":{"line":42,"column":36},"end":{"line":42,"column":51}},"5":{"start":{"line":44,"column":20},"end":{"line":60,"column":3}},"6":{"start":{"line":45,"column":4},"end":{"line":59,"column":5}},"7":{"start":{"line":46,"column":6},"end":{"line":46,"column":25}},"8":{"start":{"line":47,"column":6},"end":{"line":47,"column":67}},"9":{"start":{"line":50,"column":6},"end":{"line":55,"column":9}},"10":{"start":{"line":53,"column":22},"end":{"line":53,"column":41}},"11":{"start":{"line":54,"column":23},"end":{"line":54,"column":42}},"12":{"start":{"line":57,"column":6},"end":{"line":57,"column":51}},"13":{"start":{"line":58,"column":6},"end":{"line":58,"column":26}},"14":{"start":{"line":62,"column":27},"end":{"line":79,"column":3}},"15":{"start":{"line":63,"column":4},"end":{"line":63,"column":27}},"16":{"start":{"line":63,"column":20},"end":{"line":63,"column":27}},"17":{"start":{"line":65,"column":4},"end":{"line":65,"column":32}},"18":{"start":{"line":66,"column":4},"end":{"line":66,"column":24}},"19":{"start":{"line":68,"column":22},"end":{"line":68,"column":48}},"20":{"start":{"line":71,"column":4},"end":{"line":75,"column":5}},"21":{"start":{"line":72,"column":6},"end":{"line":72,"column":80}},"22":{"start":{"line":74,"column":6},"end":{"line":74,"column":78}},"23":{"start":{"line":78,"column":4},"end":{"line":78,"column":26}},"24":{"start":{"line":81,"column":28},"end":{"line":145,"column":3}},"25":{"start":{"line":82,"column":23},"end":{"line":82,"column":51}},"26":{"start":{"line":83,"column":22},"end":{"line":83,"column":49}},"27":{"start":{"line":84,"column":23},"end":{"line":84,"column":62}},"28":{"start":{"line":86,"column":18},"end":{"line":86,"column":35}},"29":{"start":{"line":88,"column":26},"end":{"line":90,"column":7}},"30":{"start":{"line":88,"column":50},"end":{"line":90,"column":5}},"31":{"start":{"line":93,"column":4},"end":{"line":101,"column":21}},"32":{"start":{"line":94,"column":6},"end":{"line":100,"column":7}},"33":{"start":{"line":95,"column":8},"end":{"line":99,"column":9}},"34":{"start":{"line":96,"column":10},"end":{"line":96,"column":66}},"35":{"start":{"line":98,"column":10},"end":{"line":98,"column":67}},"36":{"start":{"line":103,"column":27},"end":{"line":106,"column":5}},"37":{"start":{"line":104,"column":6},"end":{"line":104,"column":50}},"38":{"start":{"line":104,"column":23},"end":{"line":104,"column":50}},"39":{"start":{"line":105,"column":6},"end":{"line":105,"column":71}},"40":{"start":{"line":108,"column":4},"end":{"line":144,"column":6}},"41":{"start":{"line":111,"column":25},"end":{"line":111,"column":51}},"42":{"start":{"line":147,"column":2},"end":{"line":182,"column":4}},"43":{"start":{"line":178,"column":10},"end":{"line":178,"column":60}},"44":{"start":{"line":185,"column":15},"end":{"line":246,"column":2}}},"fnMap":{"0":{"name":"AudioToImageCard","decl":{"start":{"line":32,"column":16},"end":{"line":32,"column":32}},"loc":{"start":{"line":39,"column":26},"end":{"line":183,"column":1}},"line":39},"1":{"name":"(anonymous_1)","decl":{"start":{"line":44,"column":20},"end":{"line":44,"column":21}},"loc":{"start":{"line":44,"column":32},"end":{"line":60,"column":3}},"line":44},"2":{"name":"(anonymous_2)","decl":{"start":{"line":53,"column":16},"end":{"line":53,"column":17}},"loc":{"start":{"line":53,"column":22},"end":{"line":53,"column":41}},"line":53},"3":{"name":"(anonymous_3)","decl":{"start":{"line":54,"column":17},"end":{"line":54,"column":18}},"loc":{"start":{"line":54,"column":23},"end":{"line":54,"column":42}},"line":54},"4":{"name":"(anonymous_4)","decl":{"start":{"line":62,"column":27},"end":{"line":62,"column":28}},"loc":{"start":{"line":62,"column":54},"end":{"line":79,"column":3}},"line":62},"5":{"name":"(anonymous_5)","decl":{"start":{"line":81,"column":28},"end":{"line":81,"column":29}},"loc":{"start":{"line":81,"column":67},"end":{"line":145,"column":3}},"line":81},"6":{"name":"(anonymous_6)","decl":{"start":{"line":88,"column":43},"end":{"line":88,"column":44}},"loc":{"start":{"line":88,"column":50},"end":{"line":90,"column":5}},"line":88},"7":{"name":"(anonymous_7)","decl":{"start":{"line":93,"column":20},"end":{"line":93,"column":21}},"loc":{"start":{"line":93,"column":26},"end":{"line":101,"column":5}},"line":93},"8":{"name":"(anonymous_8)","decl":{"start":{"line":103,"column":27},"end":{"line":103,"column":28}},"loc":{"start":{"line":103,"column":33},"end":{"line":106,"column":5}},"line":103},"9":{"name":"(anonymous_9)","decl":{"start":{"line":111,"column":19},"end":{"line":111,"column":20}},"loc":{"start":{"line":111,"column":25},"end":{"line":111,"column":51}},"line":111},"10":{"name":"(anonymous_10)","decl":{"start":{"line":177,"column":20},"end":{"line":177,"column":21}},"loc":{"start":{"line":178,"column":10},"end":{"line":178,"column":60}},"line":178}},"branchMap":{"0":{"loc":{"start":{"line":35,"column":2},"end":{"line":35,"column":20}},"type":"default-arg","locations":[{"start":{"line":35,"column":13},"end":{"line":35,"column":20}}],"line":35},"1":{"loc":{"start":{"line":63,"column":4},"end":{"line":63,"column":27}},"type":"if","locations":[{"start":{"line":63,"column":4},"end":{"line":63,"column":27}},{"start":{},"end":{}}],"line":63},"2":{"loc":{"start":{"line":71,"column":4},"end":{"line":75,"column":5}},"type":"if","locations":[{"start":{"line":71,"column":4},"end":{"line":75,"column":5}},{"start":{"line":73,"column":11},"end":{"line":75,"column":5}}],"line":71},"3":{"loc":{"start":{"line":84,"column":23},"end":{"line":84,"column":62}},"type":"binary-expr","locations":[{"start":{"line":84,"column":23},"end":{"line":84,"column":33}},{"start":{"line":84,"column":38},"end":{"line":84,"column":48}},{"start":{"line":84,"column":52},"end":{"line":84,"column":61}}],"line":84},"4":{"loc":{"start":{"line":94,"column":6},"end":{"line":100,"column":7}},"type":"if","locations":[{"start":{"line":94,"column":6},"end":{"line":100,"column":7}},{"start":{},"end":{}}],"line":94},"5":{"loc":{"start":{"line":95,"column":8},"end":{"line":99,"column":9}},"type":"if","locations":[{"start":{"line":95,"column":8},"end":{"line":99,"column":9}},{"start":{"line":97,"column":15},"end":{"line":99,"column":9}}],"line":95},"6":{"loc":{"start":{"line":104,"column":6},"end":{"line":104,"column":50}},"type":"if","locations":[{"start":{"line":104,"column":6},"end":{"line":104,"column":50}},{"start":{},"end":{}}],"line":104},"7":{"loc":{"start":{"line":105,"column":13},"end":{"line":105,"column":70}},"type":"cond-expr","locations":[{"start":{"line":105,"column":25},"end":{"line":105,"column":47}},{"start":{"line":105,"column":50},"end":{"line":105,"column":70}}],"line":105},"8":{"loc":{"start":{"line":120,"column":29},"end":{"line":120,"column":47}},"type":"cond-expr","locations":[{"start":{"line":120,"column":42},"end":{"line":120,"column":43}},{"start":{"line":120,"column":46},"end":{"line":120,"column":47}}],"line":120},"9":{"loc":{"start":{"line":129,"column":13},"end":{"line":140,"column":13}},"type":"binary-expr","locations":[{"start":{"line":129,"column":13},"end":{"line":129,"column":23}},{"start":{"line":130,"column":14},"end":{"line":139,"column":31}}],"line":129},"10":{"loc":{"start":{"line":131,"column":24},"end":{"line":131,"column":85}},"type":"cond-expr","locations":[{"start":{"line":131,"column":36},"end":{"line":131,"column":60}},{"start":{"line":131,"column":63},"end":{"line":131,"column":85}}],"line":131},"11":{"loc":{"start":{"line":135,"column":24},"end":{"line":135,"column":71}},"type":"cond-expr","locations":[{"start":{"line":135,"column":36},"end":{"line":135,"column":54}},{"start":{"line":135,"column":57},"end":{"line":135,"column":71}}],"line":135},"12":{"loc":{"start":{"line":165,"column":18},"end":{"line":165,"column":52}},"type":"cond-expr","locations":[{"start":{"line":165,"column":30},"end":{"line":165,"column":43}},{"start":{"line":165,"column":46},"end":{"line":165,"column":52}}],"line":165},"13":{"loc":{"start":{"line":170,"column":13},"end":{"line":170,"column":55}},"type":"cond-expr","locations":[{"start":{"line":170,"column":25},"end":{"line":170,"column":37}},{"start":{"line":170,"column":40},"end":{"line":170,"column":55}}],"line":170}},"s":{"0":0,"1":0,"2":0,"3":0,"4":0,"5":0,"6":0,"7":0,"8":0,"9":0,"10":0,"11":0,"12":0,"13":0,"14":0,"15":0,"16":0,"17":0,"18":0,"19":0,"20":0,"21":0,"22":0,"23":0,"24":0,"25":0,"26":0,"27":0,"28":0,"29":0,"30":0,"31":0,"32":0,"33":0,"34":0,"35":0,"36":0,"37":0,"38":0,"39":0,"40":0,"41":0,"42":0,"43":0,"44":0},"f":{"0":0,"1":0,"2":0,"3":0,"4":0,"5":0,"6":0,"7":0,"8":0,"9":0,"10":0},"b":{"0":[0],"1":[0,0],"2":[0,0],"3":[0,0,0],"4":[0,0],"5":[0,0],"6":[0,0],"7":[0,0],"8":[0,0],"9":[0,0],"10":[0,0],"11":[0,0],"12":[0,0],"13":[0,0]}}
,"/Users/angelpolanco/Documents/github-apps/vox langauge app/vox-language-app/components/cards/BaseCard.tsx": {"path":"/Users/angelpolanco/Documents/github-apps/vox langauge app/vox-language-app/components/cards/BaseCard.tsx","statementMap":{"0":{"start":{"line":32,"column":16},"end":{"line":32,"column":33}},"1":{"start":{"line":34,"column":24},"end":{"line":36,"column":5}},"2":{"start":{"line":34,"column":48},"end":{"line":36,"column":3}},"3":{"start":{"line":39,"column":28},"end":{"line":50,"column":3}},"4":{"start":{"line":40,"column":4},"end":{"line":49,"column":5}},"5":{"start":{"line":42,"column":8},"end":{"line":42,"column":40}},"6":{"start":{"line":44,"column":8},"end":{"line":44,"column":42}},"7":{"start":{"line":46,"column":8},"end":{"line":46,"column":37}},"8":{"start":{"line":48,"column":8},"end":{"line":48,"column":68}},"9":{"start":{"line":53,"column":25},"end":{"line":62,"column":3}},"10":{"start":{"line":54,"column":4},"end":{"line":60,"column":5}},"11":{"start":{"line":55,"column":6},"end":{"line":59,"column":21}},"12":{"start":{"line":61,"column":4},"end":{"line":61,"column":22}},"13":{"start":{"line":64,"column":22},"end":{"line":68,"column":3}},"14":{"start":{"line":70,"column":2},"end":{"line":126,"column":4}},"15":{"start":{"line":129,"column":15},"end":{"line":162,"column":2}}},"fnMap":{"0":{"name":"BaseCard","decl":{"start":{"line":22,"column":16},"end":{"line":22,"column":24}},"loc":{"start":{"line":31,"column":18},"end":{"line":127,"column":1}},"line":31},"1":{"name":"(anonymous_1)","decl":{"start":{"line":34,"column":41},"end":{"line":34,"column":42}},"loc":{"start":{"line":34,"column":48},"end":{"line":36,"column":3}},"line":34},"2":{"name":"(anonymous_2)","decl":{"start":{"line":39,"column":28},"end":{"line":39,"column":29}},"loc":{"start":{"line":39,"column":34},"end":{"line":50,"column":3}},"line":39},"3":{"name":"(anonymous_3)","decl":{"start":{"line":53,"column":25},"end":{"line":53,"column":26}},"loc":{"start":{"line":53,"column":31},"end":{"line":62,"column":3}},"line":53}},"branchMap":{"0":{"loc":{"start":{"line":24,"column":2},"end":{"line":24,"column":21}},"type":"default-arg","locations":[{"start":{"line":24,"column":12},"end":{"line":24,"column":21}}],"line":24},"1":{"loc":{"start":{"line":25,"column":2},"end":{"line":25,"column":17}},"type":"default-arg","locations":[{"start":{"line":25,"column":9},"end":{"line":25,"column":17}}],"line":25},"2":{"loc":{"start":{"line":26,"column":2},"end":{"line":26,"column":21}},"type":"default-arg","locations":[{"start":{"line":26,"column":17},"end":{"line":26,"column":21}}],"line":26},"3":{"loc":{"start":{"line":27,"column":2},"end":{"line":27,"column":18}},"type":"default-arg","locations":[{"start":{"line":27,"column":13},"end":{"line":27,"column":18}}],"line":27},"4":{"loc":{"start":{"line":40,"column":4},"end":{"line":49,"column":5}},"type":"switch","locations":[{"start":{"line":41,"column":6},"end":{"line":42,"column":40}},{"start":{"line":43,"column":6},"end":{"line":44,"column":42}},{"start":{"line":45,"column":6},"end":{"line":46,"column":37}},{"start":{"line":47,"column":6},"end":{"line":48,"column":68}}],"line":40},"5":{"loc":{"start":{"line":54,"column":4},"end":{"line":60,"column":5}},"type":"if","locations":[{"start":{"line":54,"column":4},"end":{"line":60,"column":5}},{"start":{},"end":{}}],"line":54},"6":{"loc":{"start":{"line":55,"column":13},"end":{"line":59,"column":20}},"type":"cond-expr","locations":[{"start":{"line":56,"column":10},"end":{"line":56,"column":30}},{"start":{"line":57,"column":10},"end":{"line":59,"column":20}}],"line":55},"7":{"loc":{"start":{"line":57,"column":10},"end":{"line":59,"column":20}},"type":"cond-expr","locations":[{"start":{"line":58,"column":10},"end":{"line":58,"column":30}},{"start":{"line":59,"column":10},"end":{"line":59,"column":20}}],"line":57},"8":{"loc":{"start":{"line":72,"column":7},"end":{"line":124,"column":7}},"type":"cond-expr","locations":[{"start":{"line":73,"column":8},"end":{"line":98,"column":25}},{"start":{"line":100,"column":8},"end":{"line":123,"column":15}}],"line":72},"9":{"loc":{"start":{"line":85,"column":11},"end":{"line":96,"column":11}},"type":"binary-expr","locations":[{"start":{"line":85,"column":11},"end":{"line":85,"column":14}},{"start":{"line":86,"column":12},"end":{"line":95,"column":19}}],"line":85},"10":{"loc":{"start":{"line":88,"column":24},"end":{"line":88,"column":60}},"type":"binary-expr","locations":[{"start":{"line":88,"column":24},"end":{"line":88,"column":32}},{"start":{"line":88,"column":36},"end":{"line":88,"column":60}}],"line":88},"11":{"loc":{"start":{"line":110,"column":11},"end":{"line":121,"column":11}},"type":"binary-expr","locations":[{"start":{"line":110,"column":11},"end":{"line":110,"column":14}},{"start":{"line":111,"column":12},"end":{"line":120,"column":19}}],"line":110},"12":{"loc":{"start":{"line":113,"column":24},"end":{"line":113,"column":60}},"type":"binary-expr","locations":[{"start":{"line":113,"column":24},"end":{"line":113,"column":32}},{"start":{"line":113,"column":36},"end":{"line":113,"column":60}}],"line":113}},"s":{"0":0,"1":0,"2":0,"3":0,"4":0,"5":0,"6":0,"7":0,"8":0,"9":0,"10":0,"11":0,"12":0,"13":0,"14":0,"15":0},"f":{"0":0,"1":0,"2":0,"3":0},"b":{"0":[0],"1":[0],"2":[0],"3":[0],"4":[0,0,0,0],"5":[0,0],"6":[0,0],"7":[0,0],"8":[0,0],"9":[0,0],"10":[0,0],"11":[0,0],"12":[0,0]}}
,"/Users/angelpolanco/Documents/github-apps/vox langauge app/vox-language-app/components/cards/ComparisonCard.tsx": {"path":"/Users/angelpolanco/Documents/github-apps/vox langauge app/vox-language-app/components/cards/ComparisonCard.tsx","statementMap":{"0":{"start":{"line":29,"column":20},"end":{"line":41,"column":3}},"1":{"start":{"line":30,"column":4},"end":{"line":40,"column":5}},"2":{"start":{"line":31,"column":6},"end":{"line":31,"column":67}},"3":{"start":{"line":34,"column":6},"end":{"line":37,"column":9}},"4":{"start":{"line":39,"column":6},"end":{"line":39,"column":51}},"5":{"start":{"line":43,"column":29},"end":{"line":97,"column":3}},"6":{"start":{"line":44,"column":4},"end":{"line":96,"column":11}},"7":{"start":{"line":68,"column":27},"end":{"line":68,"column":55}},"8":{"start":{"line":82,"column":27},"end":{"line":82,"column":57}},"9":{"start":{"line":99,"column":2},"end":{"line":123,"column":4}},"10":{"start":{"line":126,"column":15},"end":{"line":225,"column":2}}},"fnMap":{"0":{"name":"ComparisonCard","decl":{"start":{"line":24,"column":16},"end":{"line":24,"column":30}},"loc":{"start":{"line":28,"column":24},"end":{"line":124,"column":1}},"line":28},"1":{"name":"(anonymous_1)","decl":{"start":{"line":29,"column":20},"end":{"line":29,"column":21}},"loc":{"start":{"line":29,"column":81},"end":{"line":41,"column":3}},"line":29},"2":{"name":"(anonymous_2)","decl":{"start":{"line":43,"column":29},"end":{"line":43,"column":30}},"loc":{"start":{"line":44,"column":4},"end":{"line":96,"column":11}},"line":44},"3":{"name":"(anonymous_3)","decl":{"start":{"line":68,"column":21},"end":{"line":68,"column":22}},"loc":{"start":{"line":68,"column":27},"end":{"line":68,"column":55}},"line":68},"4":{"name":"(anonymous_4)","decl":{"start":{"line":82,"column":21},"end":{"line":82,"column":22}},"loc":{"start":{"line":82,"column":27},"end":{"line":82,"column":57}},"line":82}},"branchMap":{"0":{"loc":{"start":{"line":26,"column":2},"end":{"line":26,"column":20}},"type":"default-arg","locations":[{"start":{"line":26,"column":13},"end":{"line":26,"column":20}}],"line":26},"1":{"loc":{"start":{"line":29,"column":41},"end":{"line":29,"column":76}},"type":"default-arg","locations":[{"start":{"line":29,"column":68},"end":{"line":29,"column":76}}],"line":29},"2":{"loc":{"start":{"line":36,"column":14},"end":{"line":36,"column":44}},"type":"cond-expr","locations":[{"start":{"line":36,"column":35},"end":{"line":36,"column":38}},{"start":{"line":36,"column":41},"end":{"line":36,"column":44}}],"line":36},"3":{"loc":{"start":{"line":47,"column":16},"end":{"line":47,"column":102}},"type":"binary-expr","locations":[{"start":{"line":47,"column":16},"end":{"line":47,"column":29}},{"start":{"line":47,"column":34},"end":{"line":47,"column":101}}],"line":47},"4":{"loc":{"start":{"line":47,"column":34},"end":{"line":47,"column":101}},"type":"cond-expr","locations":[{"start":{"line":47,"column":48},"end":{"line":47,"column":72}},{"start":{"line":47,"column":75},"end":{"line":47,"column":101}}],"line":47},"5":{"loc":{"start":{"line":63,"column":9},"end":{"line":63,"column":78}},"type":"binary-expr","locations":[{"start":{"line":63,"column":9},"end":{"line":63,"column":22}},{"start":{"line":63,"column":26},"end":{"line":63,"column":78}}],"line":63},"6":{"loc":{"start":{"line":101,"column":7},"end":{"line":101,"column":57}},"type":"binary-expr","locations":[{"start":{"line":101,"column":7},"end":{"line":101,"column":12}},{"start":{"line":101,"column":16},"end":{"line":101,"column":57}}],"line":101}},"s":{"0":0,"1":0,"2":0,"3":0,"4":0,"5":0,"6":0,"7":0,"8":0,"9":0,"10":0},"f":{"0":0,"1":0,"2":0,"3":0,"4":0},"b":{"0":[0],"1":[0],"2":[0,0],"3":[0,0],"4":[0,0],"5":[0,0],"6":[0,0]}}
,"/Users/angelpolanco/Documents/github-apps/vox langauge app/vox-language-app/components/cards/ImageMultipleChoiceCard.tsx": {"path":"/Users/angelpolanco/Documents/github-apps/vox langauge app/vox-language-app/components/cards/ImageMultipleChoiceCard.tsx","statementMap":{"0":{"start":{"line":15,"column":18},"end":{"line":15,"column":42}},"1":{"start":{"line":16,"column":19},"end":{"line":16,"column":30}},"2":{"start":{"line":33,"column":46},"end":{"line":33,"column":75}},"3":{"start":{"line":34,"column":38},"end":{"line":34,"column":53}},"4":{"start":{"line":36,"column":28},"end":{"line":53,"column":3}},"5":{"start":{"line":37,"column":4},"end":{"line":37,"column":27}},"6":{"start":{"line":37,"column":20},"end":{"line":37,"column":27}},"7":{"start":{"line":39,"column":4},"end":{"line":39,"column":30}},"8":{"start":{"line":40,"column":4},"end":{"line":40,"column":24}},"9":{"start":{"line":42,"column":22},"end":{"line":42,"column":46}},"10":{"start":{"line":45,"column":4},"end":{"line":49,"column":5}},"11":{"start":{"line":46,"column":6},"end":{"line":46,"column":80}},"12":{"start":{"line":48,"column":6},"end":{"line":48,"column":78}},"13":{"start":{"line":52,"column":4},"end":{"line":52,"column":26}},"14":{"start":{"line":55,"column":23},"end":{"line":117,"column":3}},"15":{"start":{"line":56,"column":23},"end":{"line":56,"column":48}},"16":{"start":{"line":57,"column":22},"end":{"line":57,"column":46}},"17":{"start":{"line":58,"column":23},"end":{"line":58,"column":62}},"18":{"start":{"line":60,"column":18},"end":{"line":60,"column":35}},"19":{"start":{"line":61,"column":23},"end":{"line":61,"column":40}},"20":{"start":{"line":63,"column":26},"end":{"line":68,"column":7}},"21":{"start":{"line":63,"column":50},"end":{"line":68,"column":5}},"22":{"start":{"line":71,"column":4},"end":{"line":85,"column":21}},"23":{"start":{"line":72,"column":6},"end":{"line":84,"column":7}},"24":{"start":{"line":73,"column":8},"end":{"line":83,"column":9}},"25":{"start":{"line":74,"column":10},"end":{"line":74,"column":66}},"26":{"start":{"line":77,"column":10},"end":{"line":82,"column":12}},"27":{"start":{"line":87,"column":24},"end":{"line":90,"column":5}},"28":{"start":{"line":88,"column":6},"end":{"line":88,"column":52}},"29":{"start":{"line":88,"column":23},"end":{"line":88,"column":52}},"30":{"start":{"line":89,"column":6},"end":{"line":89,"column":75}},"31":{"start":{"line":92,"column":4},"end":{"line":116,"column":6}},"32":{"start":{"line":95,"column":25},"end":{"line":95,"column":50}},"33":{"start":{"line":119,"column":2},"end":{"line":139,"column":4}},"34":{"start":{"line":135,"column":10},"end":{"line":135,"column":55}},"35":{"start":{"line":142,"column":15},"end":{"line":191,"column":2}}},"fnMap":{"0":{"name":"ImageMultipleChoiceCard","decl":{"start":{"line":26,"column":16},"end":{"line":26,"column":39}},"loc":{"start":{"line":32,"column":33},"end":{"line":140,"column":1}},"line":32},"1":{"name":"(anonymous_1)","decl":{"start":{"line":36,"column":28},"end":{"line":36,"column":29}},"loc":{"start":{"line":36,"column":54},"end":{"line":53,"column":3}},"line":36},"2":{"name":"(anonymous_2)","decl":{"start":{"line":55,"column":23},"end":{"line":55,"column":24}},"loc":{"start":{"line":55,"column":59},"end":{"line":117,"column":3}},"line":55},"3":{"name":"(anonymous_3)","decl":{"start":{"line":63,"column":43},"end":{"line":63,"column":44}},"loc":{"start":{"line":63,"column":50},"end":{"line":68,"column":5}},"line":63},"4":{"name":"(anonymous_4)","decl":{"start":{"line":71,"column":20},"end":{"line":71,"column":21}},"loc":{"start":{"line":71,"column":26},"end":{"line":85,"column":5}},"line":71},"5":{"name":"(anonymous_5)","decl":{"start":{"line":87,"column":24},"end":{"line":87,"column":25}},"loc":{"start":{"line":87,"column":30},"end":{"line":90,"column":5}},"line":87},"6":{"name":"(anonymous_6)","decl":{"start":{"line":95,"column":19},"end":{"line":95,"column":20}},"loc":{"start":{"line":95,"column":25},"end":{"line":95,"column":50}},"line":95},"7":{"name":"(anonymous_7)","decl":{"start":{"line":134,"column":21},"end":{"line":134,"column":22}},"loc":{"start":{"line":135,"column":10},"end":{"line":135,"column":55}},"line":135}},"branchMap":{"0":{"loc":{"start":{"line":37,"column":4},"end":{"line":37,"column":27}},"type":"if","locations":[{"start":{"line":37,"column":4},"end":{"line":37,"column":27}},{"start":{},"end":{}}],"line":37},"1":{"loc":{"start":{"line":45,"column":4},"end":{"line":49,"column":5}},"type":"if","locations":[{"start":{"line":45,"column":4},"end":{"line":49,"column":5}},{"start":{"line":47,"column":11},"end":{"line":49,"column":5}}],"line":45},"2":{"loc":{"start":{"line":58,"column":23},"end":{"line":58,"column":62}},"type":"binary-expr","locations":[{"start":{"line":58,"column":23},"end":{"line":58,"column":33}},{"start":{"line":58,"column":38},"end":{"line":58,"column":48}},{"start":{"line":58,"column":52},"end":{"line":58,"column":61}}],"line":58},"3":{"loc":{"start":{"line":72,"column":6},"end":{"line":84,"column":7}},"type":"if","locations":[{"start":{"line":72,"column":6},"end":{"line":84,"column":7}},{"start":{},"end":{}}],"line":72},"4":{"loc":{"start":{"line":73,"column":8},"end":{"line":83,"column":9}},"type":"if","locations":[{"start":{"line":73,"column":8},"end":{"line":83,"column":9}},{"start":{"line":75,"column":15},"end":{"line":83,"column":9}}],"line":73},"5":{"loc":{"start":{"line":88,"column":6},"end":{"line":88,"column":52}},"type":"if","locations":[{"start":{"line":88,"column":6},"end":{"line":88,"column":52}},{"start":{},"end":{}}],"line":88},"6":{"loc":{"start":{"line":89,"column":13},"end":{"line":89,"column":74}},"type":"cond-expr","locations":[{"start":{"line":89,"column":25},"end":{"line":89,"column":49}},{"start":{"line":89,"column":52},"end":{"line":89,"column":74}}],"line":89},"7":{"loc":{"start":{"line":106,"column":13},"end":{"line":112,"column":13}},"type":"binary-expr","locations":[{"start":{"line":106,"column":13},"end":{"line":106,"column":23}},{"start":{"line":107,"column":14},"end":{"line":111,"column":16}}],"line":106},"8":{"loc":{"start":{"line":108,"column":22},"end":{"line":108,"column":69}},"type":"cond-expr","locations":[{"start":{"line":108,"column":34},"end":{"line":108,"column":52}},{"start":{"line":108,"column":55},"end":{"line":108,"column":69}}],"line":108}},"s":{"0":0,"1":0,"2":0,"3":0,"4":0,"5":0,"6":0,"7":0,"8":0,"9":0,"10":0,"11":0,"12":0,"13":0,"14":0,"15":0,"16":0,"17":0,"18":0,"19":0,"20":0,"21":0,"22":0,"23":0,"24":0,"25":0,"26":0,"27":0,"28":0,"29":0,"30":0,"31":0,"32":0,"33":0,"34":0,"35":0},"f":{"0":0,"1":0,"2":0,"3":0,"4":0,"5":0,"6":0,"7":0},"b":{"0":[0,0],"1":[0,0],"2":[0,0,0],"3":[0,0],"4":[0,0],"5":[0,0],"6":[0,0],"7":[0,0],"8":[0,0]}}
,"/Users/angelpolanco/Documents/github-apps/vox langauge app/vox-language-app/components/cards/SingleVocabCard.tsx": {"path":"/Users/angelpolanco/Documents/github-apps/vox langauge app/vox-language-app/components/cards/SingleVocabCard.tsx","statementMap":{"0":{"start":{"line":7,"column":18},"end":{"line":7,"column":42}},"1":{"start":{"line":8,"column":19},"end":{"line":8,"column":30}},"2":{"start":{"line":31,"column":2},"end":{"line":60,"column":4}},"3":{"start":{"line":63,"column":15},"end":{"line":104,"column":2}}},"fnMap":{"0":{"name":"SingleVocabCard","decl":{"start":{"line":21,"column":16},"end":{"line":21,"column":31}},"loc":{"start":{"line":30,"column":25},"end":{"line":61,"column":1}},"line":30}},"branchMap":{"0":{"loc":{"start":{"line":26,"column":2},"end":{"line":26,"column":20}},"type":"default-arg","locations":[{"start":{"line":26,"column":13},"end":{"line":26,"column":20}}],"line":26},"1":{"loc":{"start":{"line":27,"column":2},"end":{"line":27,"column":21}},"type":"default-arg","locations":[{"start":{"line":27,"column":12},"end":{"line":27,"column":21}}],"line":27},"2":{"loc":{"start":{"line":28,"column":2},"end":{"line":28,"column":25}},"type":"default-arg","locations":[{"start":{"line":28,"column":20},"end":{"line":28,"column":25}}],"line":28},"3":{"loc":{"start":{"line":35,"column":9},"end":{"line":43,"column":9}},"type":"binary-expr","locations":[{"start":{"line":35,"column":9},"end":{"line":35,"column":17}},{"start":{"line":36,"column":10},"end":{"line":42,"column":17}}],"line":35},"4":{"loc":{"start":{"line":48,"column":11},"end":{"line":48,"column":70}},"type":"binary-expr","locations":[{"start":{"line":48,"column":11},"end":{"line":48,"column":19}},{"start":{"line":48,"column":23},"end":{"line":48,"column":70}}],"line":48},"5":{"loc":{"start":{"line":49,"column":11},"end":{"line":51,"column":11}},"type":"binary-expr","locations":[{"start":{"line":49,"column":11},"end":{"line":49,"column":26}},{"start":{"line":49,"column":30},"end":{"line":49,"column":41}},{"start":{"line":50,"column":12},"end":{"line":50,"column":65}}],"line":49}},"s":{"0":0,"1":0,"2":0,"3":0},"f":{"0":0},"b":{"0":[0],"1":[0],"2":[0],"3":[0,0],"4":[0,0],"5":[0,0,0]}}
,"/Users/angelpolanco/Documents/github-apps/vox langauge app/vox-language-app/components/cards/SpeakingCard.tsx": {"path":"/Users/angelpolanco/Documents/github-apps/vox langauge app/vox-language-app/components/cards/SpeakingCard.tsx","statementMap":{"0":{"start":{"line":35,"column":40},"end":{"line":35,"column":55}},"1":{"start":{"line":36,"column":40},"end":{"line":36,"column":69}},"2":{"start":{"line":37,"column":36},"end":{"line":37,"column":51}},"3":{"start":{"line":39,"column":23},"end":{"line":39,"column":59}},"4":{"start":{"line":40,"column":19},"end":{"line":40,"column":51}},"5":{"start":{"line":43,"column":16},"end":{"line":43,"column":33}},"6":{"start":{"line":44,"column":18},"end":{"line":44,"column":35}},"7":{"start":{"line":46,"column":24},"end":{"line":49,"column":5}},"8":{"start":{"line":46,"column":48},"end":{"line":49,"column":3}},"9":{"start":{"line":51,"column":25},"end":{"line":96,"column":3}},"10":{"start":{"line":52,"column":4},"end":{"line":95,"column":5}},"11":{"start":{"line":53,"column":6},"end":{"line":53,"column":68}},"12":{"start":{"line":56,"column":25},"end":{"line":56,"column":62}},"13":{"start":{"line":57,"column":6},"end":{"line":60,"column":7}},"14":{"start":{"line":58,"column":8},"end":{"line":58,"column":62}},"15":{"start":{"line":59,"column":8},"end":{"line":59,"column":15}},"16":{"start":{"line":63,"column":6},"end":{"line":66,"column":9}},"17":{"start":{"line":69,"column":24},"end":{"line":69,"column":45}},"18":{"start":{"line":70,"column":6},"end":{"line":70,"column":87}},"19":{"start":{"line":71,"column":6},"end":{"line":71,"column":35}},"20":{"start":{"line":73,"column":6},"end":{"line":73,"column":39}},"21":{"start":{"line":74,"column":6},"end":{"line":74,"column":27}},"22":{"start":{"line":77,"column":6},"end":{"line":84,"column":8}},"23":{"start":{"line":85,"column":6},"end":{"line":92,"column":8}},"24":{"start":{"line":94,"column":6},"end":{"line":94,"column":57}},"25":{"start":{"line":98,"column":24},"end":{"line":130,"column":3}},"26":{"start":{"line":99,"column":4},"end":{"line":129,"column":5}},"27":{"start":{"line":100,"column":6},"end":{"line":100,"column":68}},"28":{"start":{"line":102,"column":6},"end":{"line":102,"column":40}},"29":{"start":{"line":102,"column":33},"end":{"line":102,"column":40}},"30":{"start":{"line":104,"column":6},"end":{"line":104,"column":28}},"31":{"start":{"line":107,"column":6},"end":{"line":107,"column":29}},"32":{"start":{"line":108,"column":6},"end":{"line":108,"column":31}},"33":{"start":{"line":109,"column":6},"end":{"line":109,"column":34}},"34":{"start":{"line":110,"column":6},"end":{"line":110,"column":36}},"35":{"start":{"line":113,"column":6},"end":{"line":113,"column":54}},"36":{"start":{"line":114,"column":18},"end":{"line":114,"column":47}},"37":{"start":{"line":116,"column":6},"end":{"line":116,"column":34}},"38":{"start":{"line":117,"column":6},"end":{"line":117,"column":26}},"39":{"start":{"line":119,"column":6},"end":{"line":121,"column":7}},"40":{"start":{"line":120,"column":8},"end":{"line":120,"column":35}},"41":{"start":{"line":124,"column":6},"end":{"line":126,"column":9}},"42":{"start":{"line":128,"column":6},"end":{"line":128,"column":56}},"43":{"start":{"line":132,"column":24},"end":{"line":161,"column":3}},"44":{"start":{"line":133,"column":4},"end":{"line":133,"column":29}},"45":{"start":{"line":133,"column":22},"end":{"line":133,"column":29}},"46":{"start":{"line":135,"column":4},"end":{"line":160,"column":5}},"47":{"start":{"line":136,"column":6},"end":{"line":136,"column":67}},"48":{"start":{"line":139,"column":6},"end":{"line":141,"column":7}},"49":{"start":{"line":140,"column":8},"end":{"line":140,"column":45}},"50":{"start":{"line":144,"column":24},"end":{"line":147,"column":7}},"51":{"start":{"line":149,"column":6},"end":{"line":149,"column":31}},"52":{"start":{"line":150,"column":6},"end":{"line":150,"column":25}},"53":{"start":{"line":152,"column":6},"end":{"line":156,"column":9}},"54":{"start":{"line":153,"column":8},"end":{"line":155,"column":9}},"55":{"start":{"line":154,"column":10},"end":{"line":154,"column":30}},"56":{"start":{"line":158,"column":6},"end":{"line":158,"column":56}},"57":{"start":{"line":159,"column":6},"end":{"line":159,"column":26}},"58":{"start":{"line":163,"column":26},"end":{"line":175,"column":3}},"59":{"start":{"line":164,"column":4},"end":{"line":174,"column":5}},"60":{"start":{"line":165,"column":6},"end":{"line":165,"column":67}},"61":{"start":{"line":168,"column":6},"end":{"line":171,"column":9}},"62":{"start":{"line":173,"column":6},"end":{"line":173,"column":51}},"63":{"start":{"line":177,"column":2},"end":{"line":278,"column":4}},"64":{"start":{"line":239,"column":12},"end":{"line":239,"column":73}},"65":{"start":{"line":240,"column":12},"end":{"line":240,"column":47}},"66":{"start":{"line":281,"column":15},"end":{"line":397,"column":2}}},"fnMap":{"0":{"name":"SpeakingCard","decl":{"start":{"line":27,"column":16},"end":{"line":27,"column":28}},"loc":{"start":{"line":34,"column":22},"end":{"line":279,"column":1}},"line":34},"1":{"name":"(anonymous_1)","decl":{"start":{"line":46,"column":41},"end":{"line":46,"column":42}},"loc":{"start":{"line":46,"column":48},"end":{"line":49,"column":3}},"line":46},"2":{"name":"(anonymous_2)","decl":{"start":{"line":51,"column":25},"end":{"line":51,"column":26}},"loc":{"start":{"line":51,"column":37},"end":{"line":96,"column":3}},"line":51},"3":{"name":"(anonymous_3)","decl":{"start":{"line":98,"column":24},"end":{"line":98,"column":25}},"loc":{"start":{"line":98,"column":36},"end":{"line":130,"column":3}},"line":98},"4":{"name":"(anonymous_4)","decl":{"start":{"line":132,"column":24},"end":{"line":132,"column":25}},"loc":{"start":{"line":132,"column":36},"end":{"line":161,"column":3}},"line":132},"5":{"name":"(anonymous_5)","decl":{"start":{"line":152,"column":38},"end":{"line":152,"column":39}},"loc":{"start":{"line":152,"column":50},"end":{"line":156,"column":7}},"line":152},"6":{"name":"(anonymous_6)","decl":{"start":{"line":163,"column":26},"end":{"line":163,"column":27}},"loc":{"start":{"line":163,"column":38},"end":{"line":175,"column":3}},"line":163},"7":{"name":"(anonymous_7)","decl":{"start":{"line":238,"column":19},"end":{"line":238,"column":20}},"loc":{"start":{"line":238,"column":31},"end":{"line":241,"column":11}},"line":238}},"branchMap":{"0":{"loc":{"start":{"line":32,"column":2},"end":{"line":32,"column":20}},"type":"default-arg","locations":[{"start":{"line":32,"column":13},"end":{"line":32,"column":20}}],"line":32},"1":{"loc":{"start":{"line":57,"column":6},"end":{"line":60,"column":7}},"type":"if","locations":[{"start":{"line":57,"column":6},"end":{"line":60,"column":7}},{"start":{},"end":{}}],"line":57},"2":{"loc":{"start":{"line":102,"column":6},"end":{"line":102,"column":40}},"type":"if","locations":[{"start":{"line":102,"column":6},"end":{"line":102,"column":40}},{"start":{},"end":{}}],"line":102},"3":{"loc":{"start":{"line":119,"column":6},"end":{"line":121,"column":7}},"type":"if","locations":[{"start":{"line":119,"column":6},"end":{"line":121,"column":7}},{"start":{},"end":{}}],"line":119},"4":{"loc":{"start":{"line":133,"column":4},"end":{"line":133,"column":29}},"type":"if","locations":[{"start":{"line":133,"column":4},"end":{"line":133,"column":29}},{"start":{},"end":{}}],"line":133},"5":{"loc":{"start":{"line":139,"column":6},"end":{"line":141,"column":7}},"type":"if","locations":[{"start":{"line":139,"column":6},"end":{"line":141,"column":7}},{"start":{},"end":{}}],"line":139},"6":{"loc":{"start":{"line":153,"column":8},"end":{"line":155,"column":9}},"type":"if","locations":[{"start":{"line":153,"column":8},"end":{"line":155,"column":9}},{"start":{},"end":{}}],"line":153},"7":{"loc":{"start":{"line":153,"column":12},"end":{"line":153,"column":51}},"type":"binary-expr","locations":[{"start":{"line":153,"column":12},"end":{"line":153,"column":27}},{"start":{"line":153,"column":31},"end":{"line":153,"column":51}}],"line":153},"8":{"loc":{"start":{"line":184,"column":9},"end":{"line":184,"column":68}},"type":"binary-expr","locations":[{"start":{"line":184,"column":9},"end":{"line":184,"column":17}},{"start":{"line":184,"column":21},"end":{"line":184,"column":68}}],"line":184},"9":{"loc":{"start":{"line":200,"column":7},"end":{"line":208,"column":7}},"type":"binary-expr","locations":[{"start":{"line":200,"column":7},"end":{"line":200,"column":15}},{"start":{"line":201,"column":8},"end":{"line":207,"column":15}}],"line":200},"10":{"loc":{"start":{"line":212,"column":17},"end":{"line":212,"column":61}},"type":"cond-expr","locations":[{"start":{"line":212,"column":31},"end":{"line":212,"column":44}},{"start":{"line":212,"column":47},"end":{"line":212,"column":61}}],"line":212},"11":{"loc":{"start":{"line":218,"column":20},"end":{"line":218,"column":83}},"type":"cond-expr","locations":[{"start":{"line":218,"column":34},"end":{"line":218,"column":56}},{"start":{"line":218,"column":59},"end":{"line":218,"column":83}}],"line":218},"12":{"loc":{"start":{"line":224,"column":20},"end":{"line":224,"column":55}},"type":"cond-expr","locations":[{"start":{"line":224,"column":34},"end":{"line":224,"column":47}},{"start":{"line":224,"column":50},"end":{"line":224,"column":55}}],"line":224},"13":{"loc":{"start":{"line":231,"column":11},"end":{"line":231,"column":56}},"type":"cond-expr","locations":[{"start":{"line":231,"column":25},"end":{"line":231,"column":38}},{"start":{"line":231,"column":41},"end":{"line":231,"column":56}}],"line":231},"14":{"loc":{"start":{"line":236,"column":7},"end":{"line":250,"column":7}},"type":"binary-expr","locations":[{"start":{"line":236,"column":7},"end":{"line":236,"column":19}},{"start":{"line":236,"column":23},"end":{"line":236,"column":35}},{"start":{"line":237,"column":8},"end":{"line":249,"column":27}}],"line":236},"15":{"loc":{"start":{"line":253,"column":7},"end":{"line":276,"column":7}},"type":"binary-expr","locations":[{"start":{"line":253,"column":7},"end":{"line":253,"column":18}},{"start":{"line":254,"column":8},"end":{"line":275,"column":27}}],"line":253},"16":{"loc":{"start":{"line":267,"column":20},"end":{"line":267,"column":48}},"type":"cond-expr","locations":[{"start":{"line":267,"column":32},"end":{"line":267,"column":39}},{"start":{"line":267,"column":42},"end":{"line":267,"column":48}}],"line":267},"17":{"loc":{"start":{"line":272,"column":15},"end":{"line":272,"column":83}},"type":"cond-expr","locations":[{"start":{"line":272,"column":27},"end":{"line":272,"column":54}},{"start":{"line":272,"column":57},"end":{"line":272,"column":83}}],"line":272}},"s":{"0":0,"1":0,"2":0,"3":0,"4":0,"5":0,"6":0,"7":0,"8":0,"9":0,"10":0,"11":0,"12":0,"13":0,"14":0,"15":0,"16":0,"17":0,"18":0,"19":0,"20":0,"21":0,"22":0,"23":0,"24":0,"25":0,"26":0,"27":0,"28":0,"29":0,"30":0,"31":0,"32":0,"33":0,"34":0,"35":0,"36":0,"37":0,"38":0,"39":0,"40":0,"41":0,"42":0,"43":0,"44":0,"45":0,"46":0,"47":0,"48":0,"49":0,"50":0,"51":0,"52":0,"53":0,"54":0,"55":0,"56":0,"57":0,"58":0,"59":0,"60":0,"61":0,"62":0,"63":0,"64":0,"65":0,"66":0},"f":{"0":0,"1":0,"2":0,"3":0,"4":0,"5":0,"6":0,"7":0},"b":{"0":[0],"1":[0,0],"2":[0,0],"3":[0,0],"4":[0,0],"5":[0,0],"6":[0,0],"7":[0,0],"8":[0,0],"9":[0,0],"10":[0,0],"11":[0,0],"12":[0,0],"13":[0,0],"14":[0,0,0],"15":[0,0],"16":[0,0],"17":[0,0]}}
,"/Users/angelpolanco/Documents/github-apps/vox langauge app/vox-language-app/components/cards/TextInputCard.tsx": {"path":"/Users/angelpolanco/Documents/github-apps/vox langauge app/vox-language-app/components/cards/TextInputCard.tsx","statementMap":{"0":{"start":{"line":41,"column":36},"end":{"line":41,"column":48}},"1":{"start":{"line":42,"column":38},"end":{"line":42,"column":53}},"2":{"start":{"line":43,"column":36},"end":{"line":43,"column":51}},"3":{"start":{"line":45,"column":21},"end":{"line":45,"column":38}},"4":{"start":{"line":47,"column":24},"end":{"line":49,"column":5}},"5":{"start":{"line":47,"column":48},"end":{"line":49,"column":3}},"6":{"start":{"line":51,"column":22},"end":{"line":68,"column":3}},"7":{"start":{"line":52,"column":29},"end":{"line":54,"column":35}},"8":{"start":{"line":56,"column":30},"end":{"line":58,"column":42}},"9":{"start":{"line":60,"column":31},"end":{"line":62,"column":5}},"10":{"start":{"line":61,"column":6},"end":{"line":61,"column":55}},"11":{"start":{"line":64,"column":4},"end":{"line":67,"column":6}},"12":{"start":{"line":70,"column":23},"end":{"line":95,"column":3}},"13":{"start":{"line":71,"column":4},"end":{"line":71,"column":48}},"14":{"start":{"line":71,"column":41},"end":{"line":71,"column":48}},"15":{"start":{"line":73,"column":4},"end":{"line":73,"column":23}},"16":{"start":{"line":74,"column":4},"end":{"line":74,"column":24}},"17":{"start":{"line":76,"column":20},"end":{"line":76,"column":42}},"18":{"start":{"line":77,"column":4},"end":{"line":77,"column":26}},"19":{"start":{"line":80,"column":4},"end":{"line":91,"column":5}},"20":{"start":{"line":81,"column":6},"end":{"line":81,"column":80}},"21":{"start":{"line":83,"column":6},"end":{"line":83,"column":78}},"22":{"start":{"line":85,"column":6},"end":{"line":90,"column":8}},"23":{"start":{"line":94,"column":4},"end":{"line":94,"column":35}},"24":{"start":{"line":97,"column":25},"end":{"line":101,"column":3}},"25":{"start":{"line":98,"column":4},"end":{"line":98,"column":21}},"26":{"start":{"line":99,"column":4},"end":{"line":99,"column":25}},"27":{"start":{"line":100,"column":4},"end":{"line":100,"column":24}},"28":{"start":{"line":103,"column":2},"end":{"line":195,"column":4}},"29":{"start":{"line":198,"column":15},"end":{"line":279,"column":2}}},"fnMap":{"0":{"name":"TextInputCard","decl":{"start":{"line":32,"column":16},"end":{"line":32,"column":29}},"loc":{"start":{"line":40,"column":23},"end":{"line":196,"column":1}},"line":40},"1":{"name":"(anonymous_1)","decl":{"start":{"line":47,"column":41},"end":{"line":47,"column":42}},"loc":{"start":{"line":47,"column":48},"end":{"line":49,"column":3}},"line":47},"2":{"name":"(anonymous_2)","decl":{"start":{"line":51,"column":22},"end":{"line":51,"column":23}},"loc":{"start":{"line":51,"column":42},"end":{"line":68,"column":3}},"line":51},"3":{"name":"(anonymous_3)","decl":{"start":{"line":60,"column":51},"end":{"line":60,"column":52}},"loc":{"start":{"line":61,"column":6},"end":{"line":61,"column":55}},"line":61},"4":{"name":"(anonymous_4)","decl":{"start":{"line":70,"column":23},"end":{"line":70,"column":24}},"loc":{"start":{"line":70,"column":35},"end":{"line":95,"column":3}},"line":70},"5":{"name":"(anonymous_5)","decl":{"start":{"line":97,"column":25},"end":{"line":97,"column":26}},"loc":{"start":{"line":97,"column":31},"end":{"line":101,"column":3}},"line":97}},"branchMap":{"0":{"loc":{"start":{"line":37,"column":2},"end":{"line":37,"column":22}},"type":"default-arg","locations":[{"start":{"line":37,"column":20},"end":{"line":37,"column":22}}],"line":37},"1":{"loc":{"start":{"line":38,"column":2},"end":{"line":38,"column":23}},"type":"default-arg","locations":[{"start":{"line":38,"column":18},"end":{"line":38,"column":23}}],"line":38},"2":{"loc":{"start":{"line":52,"column":29},"end":{"line":54,"column":35}},"type":"cond-expr","locations":[{"start":{"line":53,"column":8},"end":{"line":53,"column":21}},{"start":{"line":54,"column":8},"end":{"line":54,"column":35}}],"line":52},"3":{"loc":{"start":{"line":56,"column":30},"end":{"line":58,"column":42}},"type":"cond-expr","locations":[{"start":{"line":57,"column":8},"end":{"line":57,"column":28}},{"start":{"line":58,"column":8},"end":{"line":58,"column":42}}],"line":56},"4":{"loc":{"start":{"line":61,"column":6},"end":{"line":61,"column":55}},"type":"cond-expr","locations":[{"start":{"line":61,"column":22},"end":{"line":61,"column":30}},{"start":{"line":61,"column":33},"end":{"line":61,"column":55}}],"line":61},"5":{"loc":{"start":{"line":65,"column":6},"end":{"line":66,"column":51}},"type":"binary-expr","locations":[{"start":{"line":65,"column":6},"end":{"line":65,"column":44}},{"start":{"line":66,"column":6},"end":{"line":66,"column":51}}],"line":65},"6":{"loc":{"start":{"line":71,"column":4},"end":{"line":71,"column":48}},"type":"if","locations":[{"start":{"line":71,"column":4},"end":{"line":71,"column":48}},{"start":{},"end":{}}],"line":71},"7":{"loc":{"start":{"line":71,"column":8},"end":{"line":71,"column":39}},"type":"binary-expr","locations":[{"start":{"line":71,"column":8},"end":{"line":71,"column":25}},{"start":{"line":71,"column":29},"end":{"line":71,"column":39}}],"line":71},"8":{"loc":{"start":{"line":80,"column":4},"end":{"line":91,"column":5}},"type":"if","locations":[{"start":{"line":80,"column":4},"end":{"line":91,"column":5}},{"start":{"line":82,"column":11},"end":{"line":91,"column":5}}],"line":80},"9":{"loc":{"start":{"line":107,"column":7},"end":{"line":107,"column":60}},"type":"binary-expr","locations":[{"start":{"line":107,"column":7},"end":{"line":107,"column":13}},{"start":{"line":107,"column":17},"end":{"line":107,"column":60}}],"line":107},"10":{"loc":{"start":{"line":110,"column":7},"end":{"line":118,"column":7}},"type":"binary-expr","locations":[{"start":{"line":110,"column":7},"end":{"line":110,"column":15}},{"start":{"line":111,"column":8},"end":{"line":117,"column":15}}],"line":110},"11":{"loc":{"start":{"line":124,"column":12},"end":{"line":128,"column":37}},"type":"cond-expr","locations":[{"start":{"line":125,"column":16},"end":{"line":127,"column":40}},{"start":{"line":128,"column":16},"end":{"line":128,"column":37}}],"line":124},"12":{"loc":{"start":{"line":125,"column":16},"end":{"line":127,"column":40}},"type":"cond-expr","locations":[{"start":{"line":126,"column":18},"end":{"line":126,"column":42}},{"start":{"line":127,"column":18},"end":{"line":127,"column":40}}],"line":125},"13":{"loc":{"start":{"line":146,"column":11},"end":{"line":152,"column":11}},"type":"binary-expr","locations":[{"start":{"line":146,"column":11},"end":{"line":146,"column":21}},{"start":{"line":147,"column":12},"end":{"line":151,"column":14}}],"line":146},"14":{"loc":{"start":{"line":148,"column":20},"end":{"line":148,"column":67}},"type":"cond-expr","locations":[{"start":{"line":148,"column":32},"end":{"line":148,"column":50}},{"start":{"line":148,"column":53},"end":{"line":148,"column":67}}],"line":148},"15":{"loc":{"start":{"line":157,"column":7},"end":{"line":163,"column":7}},"type":"binary-expr","locations":[{"start":{"line":157,"column":7},"end":{"line":157,"column":17}},{"start":{"line":157,"column":21},"end":{"line":157,"column":31}},{"start":{"line":158,"column":8},"end":{"line":162,"column":15}}],"line":157},"16":{"loc":{"start":{"line":167,"column":17},"end":{"line":167,"column":59}},"type":"cond-expr","locations":[{"start":{"line":167,"column":30},"end":{"line":167,"column":44}},{"start":{"line":167,"column":47},"end":{"line":167,"column":59}}],"line":167},"17":{"loc":{"start":{"line":174,"column":12},"end":{"line":178,"column":40}},"type":"cond-expr","locations":[{"start":{"line":175,"column":16},"end":{"line":175,"column":60}},{"start":{"line":176,"column":16},"end":{"line":178,"column":40}}],"line":174},"18":{"loc":{"start":{"line":176,"column":16},"end":{"line":178,"column":40}},"type":"cond-expr","locations":[{"start":{"line":177,"column":16},"end":{"line":177,"column":40}},{"start":{"line":178,"column":16},"end":{"line":178,"column":40}}],"line":176},"19":{"loc":{"start":{"line":185,"column":13},"end":{"line":185,"column":54}},"type":"cond-expr","locations":[{"start":{"line":185,"column":26},"end":{"line":185,"column":37}},{"start":{"line":185,"column":40},"end":{"line":185,"column":54}}],"line":185},"20":{"loc":{"start":{"line":188,"column":18},"end":{"line":188,"column":54}},"type":"cond-expr","locations":[{"start":{"line":188,"column":31},"end":{"line":188,"column":40}},{"start":{"line":188,"column":43},"end":{"line":188,"column":54}}],"line":188}},"s":{"0":0,"1":0,"2":0,"3":0,"4":0,"5":0,"6":0,"7":0,"8":0,"9":0,"10":0,"11":0,"12":0,"13":0,"14":0,"15":0,"16":0,"17":0,"18":0,"19":0,"20":0,"21":0,"22":0,"23":0,"24":0,"25":0,"26":0,"27":0,"28":0,"29":0},"f":{"0":0,"1":0,"2":0,"3":0,"4":0,"5":0},"b":{"0":[0],"1":[0],"2":[0,0],"3":[0,0],"4":[0,0],"5":[0,0],"6":[0,0],"7":[0,0],"8":[0,0],"9":[0,0],"10":[0,0],"11":[0,0],"12":[0,0],"13":[0,0],"14":[0,0],"15":[0,0,0],"16":[0,0],"17":[0,0],"18":[0,0],"19":[0,0],"20":[0,0]}}
,"/Users/angelpolanco/Documents/github-apps/vox langauge app/vox-language-app/components/cards/index.ts": {"path":"/Users/angelpolanco/Documents/github-apps/vox langauge app/vox-language-app/components/cards/index.ts","statementMap":{},"fnMap":{},"branchMap":{},"s":{},"f":{},"b":{}}
,"/Users/angelpolanco/Documents/github-apps/vox langauge app/vox-language-app/components/flashcards/LearningCard.tsx": {"path":"/Users/angelpolanco/Documents/github-apps/vox langauge app/vox-language-app/components/flashcards/LearningCard.tsx","statementMap":{"0":{"start":{"line":24,"column":50},"end":{"line":136,"column":1}},"1":{"start":{"line":33,"column":18},"end":{"line":33,"column":35}},"2":{"start":{"line":34,"column":17},"end":{"line":34,"column":47}},"3":{"start":{"line":36,"column":14},"end":{"line":41,"column":4}},"4":{"start":{"line":37,"column":4},"end":{"line":37,"column":81}},"5":{"start":{"line":38,"column":4},"end":{"line":40,"column":5}},"6":{"start":{"line":39,"column":6},"end":{"line":39,"column":15}},"7":{"start":{"line":44,"column":4},"end":{"line":46,"column":5}},"8":{"start":{"line":45,"column":6},"end":{"line":45,"column":20}},"9":{"start":{"line":49,"column":29},"end":{"line":60,"column":4}},"10":{"start":{"line":50,"column":24},"end":{"line":55,"column":5}},"11":{"start":{"line":56,"column":4},"end":{"line":59,"column":6}},"12":{"start":{"line":62,"column":28},"end":{"line":78,"column":4}},"13":{"start":{"line":63,"column":23},"end":{"line":68,"column":5}},"14":{"start":{"line":69,"column":4},"end":{"line":77,"column":6}},"15":{"start":{"line":80,"column":20},"end":{"line":101,"column":3}},"16":{"start":{"line":81,"column":4},"end":{"line":100,"column":20}},"17":{"start":{"line":103,"column":19},"end":{"line":124,"column":3}},"18":{"start":{"line":104,"column":4},"end":{"line":123,"column":20}},"19":{"start":{"line":126,"column":2},"end":{"line":135,"column":4}}},"fnMap":{"0":{"name":"(anonymous_0)","decl":{"start":{"line":24,"column":50},"end":{"line":24,"column":51}},"loc":{"start":{"line":32,"column":6},"end":{"line":136,"column":1}},"line":32},"1":{"name":"(anonymous_1)","decl":{"start":{"line":36,"column":34},"end":{"line":36,"column":35}},"loc":{"start":{"line":36,"column":40},"end":{"line":41,"column":3}},"line":36},"2":{"name":"playSound","decl":{"start":{"line":43,"column":17},"end":{"line":43,"column":26}},"loc":{"start":{"line":43,"column":29},"end":{"line":47,"column":3}},"line":43},"3":{"name":"(anonymous_3)","decl":{"start":{"line":49,"column":46},"end":{"line":49,"column":47}},"loc":{"start":{"line":49,"column":52},"end":{"line":60,"column":3}},"line":49},"4":{"name":"(anonymous_4)","decl":{"start":{"line":62,"column":45},"end":{"line":62,"column":46}},"loc":{"start":{"line":62,"column":51},"end":{"line":78,"column":3}},"line":62},"5":{"name":"(anonymous_5)","decl":{"start":{"line":80,"column":20},"end":{"line":80,"column":21}},"loc":{"start":{"line":81,"column":4},"end":{"line":100,"column":20}},"line":81},"6":{"name":"(anonymous_6)","decl":{"start":{"line":103,"column":19},"end":{"line":103,"column":20}},"loc":{"start":{"line":104,"column":4},"end":{"line":123,"column":20}},"line":104}},"branchMap":{"0":{"loc":{"start":{"line":34,"column":32},"end":{"line":34,"column":46}},"type":"binary-expr","locations":[{"start":{"line":34,"column":32},"end":{"line":34,"column":40}},{"start":{"line":34,"column":44},"end":{"line":34,"column":46}}],"line":34},"1":{"loc":{"start":{"line":37,"column":31},"end":{"line":37,"column":60}},"type":"cond-expr","locations":[{"start":{"line":37,"column":53},"end":{"line":37,"column":56}},{"start":{"line":37,"column":59},"end":{"line":37,"column":60}}],"line":37},"2":{"loc":{"start":{"line":38,"column":4},"end":{"line":40,"column":5}},"type":"if","locations":[{"start":{"line":38,"column":4},"end":{"line":40,"column":5}},{"start":{},"end":{}}],"line":38},"3":{"loc":{"start":{"line":44,"column":4},"end":{"line":46,"column":5}},"type":"if","locations":[{"start":{"line":44,"column":4},"end":{"line":46,"column":5}},{"start":{},"end":{}}],"line":44},"4":{"loc":{"start":{"line":44,"column":8},"end":{"line":44,"column":26}},"type":"binary-expr","locations":[{"start":{"line":44,"column":8},"end":{"line":44,"column":16}},{"start":{"line":44,"column":20},"end":{"line":44,"column":26}}],"line":44},"5":{"loc":{"start":{"line":88,"column":9},"end":{"line":94,"column":9}},"type":"cond-expr","locations":[{"start":{"line":89,"column":10},"end":{"line":89,"column":94}},{"start":{"line":91,"column":10},"end":{"line":93,"column":17}}],"line":88},"6":{"loc":{"start":{"line":96,"column":11},"end":{"line":96,"column":85}},"type":"binary-expr","locations":[{"start":{"line":96,"column":11},"end":{"line":96,"column":19}},{"start":{"line":96,"column":23},"end":{"line":96,"column":85}}],"line":96},"7":{"loc":{"start":{"line":111,"column":9},"end":{"line":113,"column":9}},"type":"binary-expr","locations":[{"start":{"line":111,"column":9},"end":{"line":111,"column":24}},{"start":{"line":112,"column":10},"end":{"line":112,"column":91}}],"line":111},"8":{"loc":{"start":{"line":114,"column":9},"end":{"line":118,"column":9}},"type":"binary-expr","locations":[{"start":{"line":114,"column":9},"end":{"line":114,"column":17}},{"start":{"line":115,"column":10},"end":{"line":117,"column":22}}],"line":114}},"s":{"0":0,"1":0,"2":0,"3":0,"4":0,"5":0,"6":0,"7":0,"8":0,"9":0,"10":0,"11":0,"12":0,"13":0,"14":0,"15":0,"16":0,"17":0,"18":0,"19":0},"f":{"0":0,"1":0,"2":0,"3":0,"4":0,"5":0,"6":0},"b":{"0":[0,0],"1":[0,0],"2":[0,0],"3":[0,0],"4":[0,0],"5":[0,0],"6":[0,0],"7":[0,0],"8":[0,0]}}
,"/Users/angelpolanco/Documents/github-apps/vox langauge app/vox-language-app/components/flashcards/ListeningCard.tsx": {"path":"/Users/angelpolanco/Documents/github-apps/vox langauge app/vox-language-app/components/flashcards/ListeningCard.tsx","statementMap":{"0":{"start":{"line":24,"column":52},"end":{"line":130,"column":1}},"1":{"start":{"line":31,"column":36},"end":{"line":31,"column":48}},"2":{"start":{"line":32,"column":48},"end":{"line":32,"column":60}},"3":{"start":{"line":33,"column":36},"end":{"line":33,"column":51}},"4":{"start":{"line":34,"column":17},"end":{"line":34,"column":41}},"5":{"start":{"line":36,"column":26},"end":{"line":36,"column":43}},"6":{"start":{"line":37,"column":24},"end":{"line":37,"column":43}},"7":{"start":{"line":40,"column":4},"end":{"line":42,"column":5}},"8":{"start":{"line":41,"column":6},"end":{"line":41,"column":20}},"9":{"start":{"line":45,"column":2},"end":{"line":47,"column":9}},"10":{"start":{"line":46,"column":4},"end":{"line":46,"column":16}},"11":{"start":{"line":49,"column":23},"end":{"line":60,"column":3}},"12":{"start":{"line":50,"column":4},"end":{"line":50,"column":26}},"13":{"start":{"line":51,"column":4},"end":{"line":51,"column":32}},"14":{"start":{"line":52,"column":4},"end":{"line":55,"column":6}},"15":{"start":{"line":56,"column":4},"end":{"line":59,"column":6}},"16":{"start":{"line":62,"column":22},"end":{"line":70,"column":3}},"17":{"start":{"line":63,"column":4},"end":{"line":69,"column":5}},"18":{"start":{"line":64,"column":6},"end":{"line":64,"column":37}},"19":{"start":{"line":65,"column":6},"end":{"line":65,"column":34}},"20":{"start":{"line":67,"column":6},"end":{"line":67,"column":66}},"21":{"start":{"line":68,"column":6},"end":{"line":68,"column":36}},"22":{"start":{"line":72,"column":32},"end":{"line":77,"column":4}},"23":{"start":{"line":73,"column":4},"end":{"line":76,"column":6}},"24":{"start":{"line":79,"column":2},"end":{"line":129,"column":4}}},"fnMap":{"0":{"name":"(anonymous_0)","decl":{"start":{"line":24,"column":52},"end":{"line":24,"column":53}},"loc":{"start":{"line":30,"column":6},"end":{"line":130,"column":1}},"line":30},"1":{"name":"playSound","decl":{"start":{"line":39,"column":11},"end":{"line":39,"column":20}},"loc":{"start":{"line":39,"column":23},"end":{"line":43,"column":3}},"line":39},"2":{"name":"(anonymous_2)","decl":{"start":{"line":45,"column":12},"end":{"line":45,"column":13}},"loc":{"start":{"line":45,"column":18},"end":{"line":47,"column":3}},"line":45},"3":{"name":"(anonymous_3)","decl":{"start":{"line":49,"column":23},"end":{"line":49,"column":24}},"loc":{"start":{"line":49,"column":62},"end":{"line":60,"column":3}},"line":49},"4":{"name":"(anonymous_4)","decl":{"start":{"line":62,"column":22},"end":{"line":62,"column":23}},"loc":{"start":{"line":62,"column":28},"end":{"line":70,"column":3}},"line":62},"5":{"name":"(anonymous_5)","decl":{"start":{"line":72,"column":49},"end":{"line":72,"column":50}},"loc":{"start":{"line":72,"column":55},"end":{"line":77,"column":3}},"line":72}},"branchMap":{"0":{"loc":{"start":{"line":40,"column":4},"end":{"line":42,"column":5}},"type":"if","locations":[{"start":{"line":40,"column":4},"end":{"line":42,"column":5}},{"start":{},"end":{}}],"line":40},"1":{"loc":{"start":{"line":63,"column":4},"end":{"line":69,"column":5}},"type":"if","locations":[{"start":{"line":63,"column":4},"end":{"line":69,"column":5}},{"start":{"line":66,"column":11},"end":{"line":69,"column":5}}],"line":63},"2":{"loc":{"start":{"line":101,"column":115},"end":{"line":101,"column":156}},"type":"cond-expr","locations":[{"start":{"line":101,"column":127},"end":{"line":101,"column":141}},{"start":{"line":101,"column":144},"end":{"line":101,"column":156}}],"line":101},"3":{"loc":{"start":{"line":106,"column":61},"end":{"line":106,"column":104}},"type":"cond-expr","locations":[{"start":{"line":106,"column":74},"end":{"line":106,"column":87}},{"start":{"line":106,"column":90},"end":{"line":106,"column":104}}],"line":106},"4":{"loc":{"start":{"line":108,"column":22},"end":{"line":108,"column":63}},"type":"binary-expr","locations":[{"start":{"line":108,"column":22},"end":{"line":108,"column":32}},{"start":{"line":108,"column":36},"end":{"line":108,"column":63}}],"line":108},"5":{"loc":{"start":{"line":117,"column":13},"end":{"line":124,"column":13}},"type":"binary-expr","locations":[{"start":{"line":117,"column":13},"end":{"line":117,"column":19}},{"start":{"line":118,"column":14},"end":{"line":123,"column":17}}],"line":117}},"s":{"0":0,"1":0,"2":0,"3":0,"4":0,"5":0,"6":0,"7":0,"8":0,"9":0,"10":0,"11":0,"12":0,"13":0,"14":0,"15":0,"16":0,"17":0,"18":0,"19":0,"20":0,"21":0,"22":0,"23":0,"24":0},"f":{"0":0,"1":0,"2":0,"3":0,"4":0,"5":0},"b":{"0":[0,0],"1":[0,0],"2":[0,0],"3":[0,0],"4":[0,0],"5":[0,0]}}
,"/Users/angelpolanco/Documents/github-apps/vox langauge app/vox-language-app/components/flashcards/SpeakingCard.tsx": {"path":"/Users/angelpolanco/Documents/github-apps/vox langauge app/vox-language-app/components/flashcards/SpeakingCard.tsx","statementMap":{"0":{"start":{"line":14,"column":33},"end":{"line":14,"column":83}},"1":{"start":{"line":24,"column":50},"end":{"line":195,"column":1}},"2":{"start":{"line":31,"column":24},"end":{"line":31,"column":42}},"3":{"start":{"line":32,"column":24},"end":{"line":32,"column":61}},"4":{"start":{"line":33,"column":25},"end":{"line":33,"column":41}},"5":{"start":{"line":34,"column":40},"end":{"line":34,"column":69}},"6":{"start":{"line":35,"column":52},"end":{"line":35,"column":63}},"7":{"start":{"line":36,"column":22},"end":{"line":36,"column":57}},"8":{"start":{"line":38,"column":16},"end":{"line":38,"column":33}},"9":{"start":{"line":40,"column":22},"end":{"line":40,"column":47}},"10":{"start":{"line":42,"column":2},"end":{"line":65,"column":20}},"11":{"start":{"line":43,"column":4},"end":{"line":59,"column":5}},"12":{"start":{"line":44,"column":6},"end":{"line":46,"column":15}},"13":{"start":{"line":45,"column":8},"end":{"line":45,"column":65}},"14":{"start":{"line":45,"column":47},"end":{"line":45,"column":63}},"15":{"start":{"line":47,"column":6},"end":{"line":51,"column":8}},"16":{"start":{"line":53,"column":6},"end":{"line":56,"column":7}},"17":{"start":{"line":54,"column":8},"end":{"line":54,"column":43}},"18":{"start":{"line":55,"column":8},"end":{"line":55,"column":35}},"19":{"start":{"line":57,"column":6},"end":{"line":57,"column":30}},"20":{"start":{"line":58,"column":6},"end":{"line":58,"column":22}},"21":{"start":{"line":60,"column":4},"end":{"line":64,"column":6}},"22":{"start":{"line":61,"column":6},"end":{"line":63,"column":7}},"23":{"start":{"line":62,"column":8},"end":{"line":62,"column":43}},"24":{"start":{"line":68,"column":36},"end":{"line":72,"column":4}},"25":{"start":{"line":69,"column":4},"end":{"line":71,"column":6}},"26":{"start":{"line":75,"column":4},"end":{"line":87,"column":5}},"27":{"start":{"line":76,"column":31},"end":{"line":76,"column":83}},"28":{"start":{"line":77,"column":6},"end":{"line":80,"column":7}},"29":{"start":{"line":78,"column":8},"end":{"line":78,"column":94}},"30":{"start":{"line":79,"column":8},"end":{"line":79,"column":15}},"31":{"start":{"line":82,"column":6},"end":{"line":82,"column":35}},"32":{"start":{"line":83,"column":6},"end":{"line":83,"column":27}},"33":{"start":{"line":85,"column":6},"end":{"line":85,"column":54}},"34":{"start":{"line":86,"column":6},"end":{"line":86,"column":85}},"35":{"start":{"line":91,"column":4},"end":{"line":100,"column":5}},"36":{"start":{"line":92,"column":18},"end":{"line":92,"column":44}},"37":{"start":{"line":93,"column":6},"end":{"line":97,"column":7}},"38":{"start":{"line":94,"column":8},"end":{"line":94,"column":28}},"39":{"start":{"line":96,"column":8},"end":{"line":96,"column":36}},"40":{"start":{"line":99,"column":6},"end":{"line":99,"column":55}},"41":{"start":{"line":104,"column":4},"end":{"line":106,"column":5}},"42":{"start":{"line":105,"column":6},"end":{"line":105,"column":28}},"43":{"start":{"line":110,"column":4},"end":{"line":112,"column":5}},"44":{"start":{"line":111,"column":6},"end":{"line":111,"column":27}},"45":{"start":{"line":115,"column":34},"end":{"line":121,"column":3}},"46":{"start":{"line":116,"column":4},"end":{"line":120,"column":5}},"47":{"start":{"line":117,"column":6},"end":{"line":117,"column":22}},"48":{"start":{"line":119,"column":6},"end":{"line":119,"column":23}},"49":{"start":{"line":123,"column":21},"end":{"line":129,"column":3}},"50":{"start":{"line":124,"column":4},"end":{"line":128,"column":5}},"51":{"start":{"line":125,"column":6},"end":{"line":125,"column":30}},"52":{"start":{"line":127,"column":6},"end":{"line":127,"column":94}},"53":{"start":{"line":131,"column":25},"end":{"line":135,"column":3}},"54":{"start":{"line":132,"column":20},"end":{"line":132,"column":44}},"55":{"start":{"line":133,"column":29},"end":{"line":133,"column":41}},"56":{"start":{"line":134,"column":4},"end":{"line":134,"column":100}},"57":{"start":{"line":137,"column":2},"end":{"line":194,"column":4}},"58":{"start":{"line":179,"column":113},"end":{"line":179,"column":133}}},"fnMap":{"0":{"name":"(anonymous_0)","decl":{"start":{"line":24,"column":50},"end":{"line":24,"column":51}},"loc":{"start":{"line":30,"column":6},"end":{"line":195,"column":1}},"line":30},"1":{"name":"(anonymous_1)","decl":{"start":{"line":42,"column":12},"end":{"line":42,"column":13}},"loc":{"start":{"line":42,"column":18},"end":{"line":65,"column":3}},"line":42},"2":{"name":"(anonymous_2)","decl":{"start":{"line":44,"column":40},"end":{"line":44,"column":41}},"loc":{"start":{"line":44,"column":46},"end":{"line":46,"column":7}},"line":44},"3":{"name":"(anonymous_3)","decl":{"start":{"line":45,"column":29},"end":{"line":45,"column":30}},"loc":{"start":{"line":45,"column":47},"end":{"line":45,"column":63}},"line":45},"4":{"name":"(anonymous_4)","decl":{"start":{"line":60,"column":11},"end":{"line":60,"column":12}},"loc":{"start":{"line":60,"column":17},"end":{"line":64,"column":5}},"line":60},"5":{"name":"(anonymous_5)","decl":{"start":{"line":68,"column":53},"end":{"line":68,"column":54}},"loc":{"start":{"line":68,"column":59},"end":{"line":72,"column":3}},"line":68},"6":{"name":"startRecording","decl":{"start":{"line":74,"column":17},"end":{"line":74,"column":31}},"loc":{"start":{"line":74,"column":34},"end":{"line":88,"column":3}},"line":74},"7":{"name":"stopRecording","decl":{"start":{"line":90,"column":17},"end":{"line":90,"column":30}},"loc":{"start":{"line":90,"column":33},"end":{"line":101,"column":3}},"line":90},"8":{"name":"playRecordedSound","decl":{"start":{"line":103,"column":11},"end":{"line":103,"column":28}},"loc":{"start":{"line":103,"column":31},"end":{"line":107,"column":3}},"line":103},"9":{"name":"playExampleSound","decl":{"start":{"line":109,"column":11},"end":{"line":109,"column":27}},"loc":{"start":{"line":109,"column":30},"end":{"line":113,"column":3}},"line":109},"10":{"name":"(anonymous_10)","decl":{"start":{"line":115,"column":34},"end":{"line":115,"column":35}},"loc":{"start":{"line":115,"column":40},"end":{"line":121,"column":3}},"line":115},"11":{"name":"(anonymous_11)","decl":{"start":{"line":123,"column":21},"end":{"line":123,"column":22}},"loc":{"start":{"line":123,"column":27},"end":{"line":129,"column":3}},"line":123},"12":{"name":"(anonymous_12)","decl":{"start":{"line":131,"column":25},"end":{"line":131,"column":26}},"loc":{"start":{"line":131,"column":46},"end":{"line":135,"column":3}},"line":131},"13":{"name":"(anonymous_13)","decl":{"start":{"line":179,"column":107},"end":{"line":179,"column":108}},"loc":{"start":{"line":179,"column":113},"end":{"line":179,"column":133}},"line":179}},"branchMap":{"0":{"loc":{"start":{"line":32,"column":39},"end":{"line":32,"column":60}},"type":"binary-expr","locations":[{"start":{"line":32,"column":39},"end":{"line":32,"column":54}},{"start":{"line":32,"column":58},"end":{"line":32,"column":60}}],"line":32},"1":{"loc":{"start":{"line":43,"column":4},"end":{"line":59,"column":5}},"type":"if","locations":[{"start":{"line":43,"column":4},"end":{"line":59,"column":5}},{"start":{"line":52,"column":11},"end":{"line":59,"column":5}}],"line":43},"2":{"loc":{"start":{"line":53,"column":6},"end":{"line":56,"column":7}},"type":"if","locations":[{"start":{"line":53,"co
[...]
,"/Users/angelpolanco/Documents/github-apps/vox langauge app/vox-language-app/lib/db/supabase.ts": {"path":"/Users/angelpolanco/Documents/github-apps/vox langauge app/vox-language-app/lib/db/supabase.ts","statementMap":{"0":{"start":{"line":7,"column":0},"end":{"line":12,"column":1}},"1":{"start":{"line":8,"column":2},"end":{"line":11,"column":4}},"2":{"start":{"line":14,"column":24},"end":{"line":21,"column":2}}},"fnMap":{},"branchMap":{"0":{"loc":{"start":{"line":7,"column":0},"end":{"line":12,"column":1}},"type":"if","locations":[{"start":{"line":7,"column":0},"end":{"line":12,"column":1}},{"start":{},"end":{}}],"line":7}},"s":{"0":0,"1":0,"2":0},"f":{},"b":{"0":[0,0]}}
,"/Users/angelpolanco/Documents/github-apps/vox langauge app/vox-language-app/lib/db/sync.ts": {"path":"/Users/angelpolanco/Documents/github-apps/vox langauge app/vox-language-app/lib/db/sync.ts","statementMap":{"0":{"start":{"line":6,"column":16},"end":{"line":6,"column":52}},"1":{"start":{"line":7,"column":2},"end":{"line":10,"column":3}},"2":{"start":{"line":8,"column":4},"end":{"line":8,"column":43}},"3":{"start":{"line":9,"column":4},"end":{"line":9,"column":11}},"4":{"start":{"line":12,"column":2},"end":{"line":12,"column":39}},"5":{"start":{"line":14,"column":2},"end":{"line":88,"column":3}},"6":{"start":{"line":15,"column":43},"end":{"line":15,"column":66}},"7":{"start":{"line":18,"column":4},"end":{"line":38,"column":5}},"8":{"start":{"line":19,"column":6},"end":{"line":19,"column":68}},"9":{"start":{"line":20,"column":24},"end":{"line":30,"column":32}},"10":{"start":{"line":20,"column":95},"end":{"line":30,"column":7}},"11":{"start":{"line":32,"column":6},"end":{"line":37,"column":7}},"12":{"start":{"line":33,"column":8},"end":{"line":33,"column":65}},"13":{"start":{"line":35,"column":8},"end":{"line":35,"column":72}},"14":{"start":{"line":35,"column":65},"end":{"line":35,"column":69}},"15":{"start":{"line":36,"column":8},"end":{"line":36,"column":62}},"16":{"start":{"line":41,"column":4},"end":{"line":59,"column":5}},"17":{"start":{"line":42,"column":6},"end":{"line":42,"column":73}},"18":{"start":{"line":43,"column":24},"end":{"line":51,"column":32}},"19":{"start":{"line":43,"column":87},"end":{"line":51,"column":7}},"20":{"start":{"line":53,"column":6},"end":{"line":58,"column":7}},"21":{"start":{"line":54,"column":8},"end":{"line":54,"column":61}},"22":{"start":{"line":56,"column":8},"end":{"line":56,"column":69}},"23":{"start":{"line":56,"column":62},"end":{"line":56,"column":66}},"24":{"start":{"line":57,"column":8},"end":{"line":57,"column":58}},"25":{"start":{"line":65,"column":4},"end":{"line":83,"column":5}},"26":{"start":{"line":66,"column":6},"end":{"line":66,"column":70}},"27":{"start":{"line":67,"column":6},"end":{"line":82,"column":7}},"28":{"start":{"line":68,"column":26},"end":{"line":74,"column":37}},"29":{"start":{"line":76,"column":8},"end":{"line":81,"column":9}},"30":{"start":{"line":77,"column":10},"end":{"line":77,"column":88}},"31":{"start":{"line":79,"column":10},"end":{"line":79,"column":57}},"32":{"start":{"line":80,"column":10},"end":{"line":80,"column":85}},"33":{"start":{"line":85,"column":4},"end":{"line":85,"column":40}},"34":{"start":{"line":87,"column":4},"end":{"line":87,"column":62}}},"fnMap":{"0":{"name":"syncData","decl":{"start":{"line":5,"column":22},"end":{"line":5,"column":30}},"loc":{"start":{"line":5,"column":33},"end":{"line":89,"column":1}},"line":5},"1":{"name":"(anonymous_1)","decl":{"start":{"line":20,"column":84},"end":{"line":20,"column":85}},"loc":{"start":{"line":20,"column":95},"end":{"line":30,"column":7}},"line":20},"2":{"name":"(anonymous_2)","decl":{"start":{"line":35,"column":60},"end":{"line":35,"column":61}},"loc":{"start":{"line":35,"column":65},"end":{"line":35,"column":69}},"line":35},"3":{"name":"(anonymous_3)","decl":{"start":{"line":43,"column":81},"end":{"line":43,"column":82}},"loc":{"start":{"line":43,"column":87},"end":{"line":51,"column":7}},"line":43},"4":{"name":"(anonymous_4)","decl":{"start":{"line":56,"column":57},"end":{"line":56,"column":58}},"loc":{"start":{"line":56,"column":62},"end":{"line":56,"column":66}},"line":56}},"branchMap":{"0":{"loc":{"start":{"line":7,"column":2},"end":{"line":10,"column":3}},"type":"if","locations":[{"start":{"line":7,"column":2},"end":{"line":10,"column":3}},{"start":{},"end":{}}],"line":7},"1":{"loc":{"start":{"line":7,"column":6},"end":{"line":7,"column":54}},"type":"binary-expr","locations":[{"start":{"line":7,"column":6},"end":{"line":7,"column":24}},{"start":{"line":7,"column":28},"end":{"line":7,"column":54}}],"line":7},"2":{"loc":{"start":{"line":18,"column":4},"end":{"line":38,"column":5}},"type":"if","locations":[{"start":{"line":18,"column":4},"end":{"line":38,"column":5}},{"start":{},"end":{}}],"line":18},"3":{"loc":{"start":{"line":32,"column":6},"end":{"line":37,"column":7}},"type":"if","locations":[{"start":{"line":32,"column":6},"end":{"line":37,"column":7}},{"start":{"line":34,"column":13},"end":{"line":37,"column":7}}],"line":32},"4":{"loc":{"start":{"line":41,"column":4},"end":{"line":59,"column":5}},"type":"if","locations":[{"start":{"line":41,"column":4},"end":{"line":59,"column":5}},{"start":{},"end":{}}],"line":41},"5":{"loc":{"start":{"line":49,"column":22},"end":{"line":49,"column":91}},"type":"cond-expr","locations":[{"start":{"line":49,"column":39},"end":{"line":49,"column":84}},{"start":{"line":49,"column":87},"end":{"line":49,"column":91}}],"line":49},"6":{"loc":{"start":{"line":53,"column":6},"end":{"line":58,"column":7}},"type":"if","locations":[{"start":{"line":53,"column":6},"end":{"line":58,"column":7}},{"start":{"line":55,"column":13},"end":{"line":58,"column":7}}],"line":53},"7":{"loc":{"start":{"line":65,"column":4},"end":{"line":83,"column":5}},"type":"if","locations":[{"start":{"line":65,"column":4},"end":{"line":83,"column":5}},{"start":{},"end":{}}],"line":65},"8":{"loc":{"start":{"line":72,"column":30},"end":{"line":72,"column":121}},"type":"cond-expr","locations":[{"start":{"line":72,"column":58},"end":{"line":72,"column":114}},{"start":{"line":72,"column":117},"end":{"line":72,"column":121}}],"line":72},"9":{"loc":{"start":{"line":76,"column":8},"end":{"line":81,"column":9}},"type":"if","locations":[{"start":{"line":76,"column":8},"end":{"line":81,"column":9}},{"start":{"line":78,"column":15},"end":{"line":81,"column":9}}],"line":76}},"s":{"0":0,"1":0,"2":0,"3":0,"4":0,"5":0,"6":0,"7":0,"8":0,"9":0,"10":0,"11":0,"12":0,"13":0,"14":0,"15":0,"16":0,"17":0,"18":0,"19":0,"20":0,"21":0,"22":0,"23":0,"24":0,"25":0,"26":0,"27":0,"28":0,"29":0,"30":0,"31":0,"32":0,"33":0,"34":0},"f":{"0":0,"1":0,"2":0,"3":0,"4":0},"b":{"0":[0,0],"1":[0,0],"2":[0,0],"3":[0,0],"4":[0,0],"5":[0,0],"6":[0,0],"7":[0,0],"8":[0,0],"9":[0,0]}}
,"/Users/angelpolanco/Documents/github-apps/vox langauge app/vox-language-app/lib/gemini/staircase-generator.ts": {"path":"/Users/angelpolanco/Documents/github-apps/vox langauge app/vox-language-app/lib/gemini/staircase-generator.ts","statementMap":{"0":{"start":{"line":9,"column":23},"end":{"line":9,"column":67}},"1":{"start":{"line":11,"column":0},"end":{"line":13,"column":1}},"2":{"start":{"line":12,"column":2},"end":{"line":12,"column":80}},"3":{"start":{"line":16,"column":39},"end":{"line":16,"column":43}},"4":{"start":{"line":18,"column":2},"end":{"line":20,"column":3}},"5":{"start":{"line":19,"column":4},"end":{"line":19,"column":51}},"6":{"start":{"line":21,"column":2},"end":{"line":21,"column":15}},"7":{"start":{"line":26,"column":2},"end":{"line":26,"column":20}},"8":{"start":{"line":63,"column":2},"end":{"line":155,"column":3}},"9":{"start":{"line":64,"column":18},"end":{"line":64,"column":82}},"10":{"start":{"line":66,"column":19},"end":{"line":106,"column":28}},"11":{"start":{"line":108,"column":19},"end":{"line":108,"column":54}},"12":{"start":{"line":109,"column":21},"end":{"line":109,"column":36}},"13":{"start":{"line":110,"column":17},"end":{"line":110,"column":32}},"14":{"start":{"line":113,"column":24},"end":{"line":113,"column":85}},"15":{"start":{"line":116,"column":26},"end":{"line":116,"column":49}},"16":{"start":{"line":119,"column":28},"end":{"line":130,"column":7}},"17":{"start":{"line":119,"column":96},"end":{"line":130,"column":5}},"18":{"start":{"line":132,"column":22},"end":{"line":132,"column":82}},"19":{"start":{"line":132,"column":52},"end":{"line":132,"column":78}},"20":{"start":{"line":134,"column":45},"end":{"line":140,"column":5}},"21":{"start":{"line":142,"column":4},"end":{"line":147,"column":7}},"22":{"start":{"line":149,"column":4},"end":{"line":149,"column":21}},"23":{"start":{"line":151,"column":4},"end":{"line":151,"column":66}},"24":{"start":{"line":154,"column":4},"end":{"line":154,"column":46}},"25":{"start":{"line":162,"column":2},"end":{"line":162,"column":56}},"26":{"start":{"line":164,"column":26},"end":{"line":201,"column":3}},"27":{"start":{"line":203,"column":2},"end":{"line":209,"column":4}},"28":{"start":{"line":207,"column":57},"end":{"line":207,"column":79}}},"fnMap":{"0":{"name":"getGenAI","decl":{"start":{"line":17,"column":9},"end":{"line":17,"column":17}},"loc":{"start":{"line":17,"column":20},"end":{"line":22,"column":1}},"line":17},"1":{"name":"__setGenAIForTesting","decl":{"start":{"line":25,"column":16},"end":{"line":25,"column":36}},"loc":{"start":{"line":25,"column":75},"end":{"line":27,"column":1}},"line":25},"2":{"name":"generatePersonalizedStaircase","decl":{"start":{"line":60,"column":22},"end":{"line":60,"column":51}},"loc":{"start":{"line":62,"column":34},"end":{"line":156,"column":1}},"line":62},"3":{"name":"(anonymous_3)","decl":{"start":{"line":119,"column":53},"end":{"line":119,"column":54}},"loc":{"start":{"line":119,"column":96},"end":{"line":130,"column":5}},"line":119},"4":{"name":"(anonymous_4)","decl":{"start":{"line":132,"column":36},"end":{"line":132,"column":37}},"loc":{"start":{"line":132,"column":52},"end":{"line":132,"column":78}},"line":132},"5":{"name":"generateFallbackStaircase","decl":{"start":{"line":161,"column":9},"end":{"line":161,"column":34}},"loc":{"start":{"line":161,"column":80},"end":{"line":210,"column":1}},"line":161},"6":{"name":"(anonymous_6)","decl":{"start":{"line":207,"column":45},"end":{"line":207,"column":46}},"loc":{"start":{"line":207,"column":57},"end":{"line":207,"column":79}},"line":207}},"branchMap":{"0":{"loc":{"start":{"line":9,"column":23},"end":{"line":9,"column":67}},"type":"binary-expr","locations":[{"start":{"line":9,"column":23},"end":{"line":9,"column":61}},{"start":{"line":9,"column":65},"end":{"line":9,"column":67}}],"line":9},"1":{"loc":{"start":{"line":11,"column":0},"end":{"line":13,"column":1}},"type":"if","locations":[{"start":{"line":11,"column":0},"end":{"line":13,"column":1}},{"start":{},"end":{}}],"line":11},"2":{"loc":{"start":{"line":18,"column":2},"end":{"line":20,"column":3}},"type":"if","locations":[{"start":{"line":18,"column":2},"end":{"line":20,"column":3}},{"start":{},"end":{}}],"line":18},"3":{"loc":{"start":{"line":121,"column":13},"end":{"line":121,"column":37}},"type":"binary-expr","locations":[{"start":{"line":121,"column":13},"end":{"line":121,"column":24}},{"start":{"line":121,"column":28},"end":{"line":121,"column":37}}],"line":121},"4":{"loc":{"start":{"line":122,"column":13},"end":{"line":122,"column":47}},"type":"binary-expr","locations":[{"start":{"line":122,"column":13},"end":{"line":122,"column":24}},{"start":{"line":122,"column":28},"end":{"line":122,"column":47}}],"line":122},"5":{"loc":{"start":{"line":123,"column":13},"end":{"line":123,"column":32}},"type":"binary-expr","locations":[{"start":{"line":123,"column":13},"end":{"line":123,"column":24}},{"start":{"line":123,"column":28},"end":{"line":123,"column":32}}],"line":123},"6":{"loc":{"start":{"line":124,"column":19},"end":{"line":124,"column":42}},"type":"binary-expr","locations":[{"start":{"line":124,"column":19},"end":{"line":124,"column":36}},{"start":{"line":124,"column":40},"end":{"line":124,"column":42}}],"line":124},"7":{"loc":{"start":{"line":125,"column":18},"end":{"line":125,"column":63}},"type":"binary-expr","locations":[{"start":{"line":125,"column":18},"end":{"line":125,"column":34}},{"start":{"line":125,"column":38},"end":{"line":125,"column":63}}],"line":125},"8":{"loc":{"start":{"line":126,"column":22},"end":{"line":126,"column":47}},"type":"binary-expr","locations":[{"start":{"line":126,"column":22},"end":{"line":126,"column":42}},{"start":{"line":126,"column":46},"end":{"line":126,"column":47}}],"line":126},"9":{"loc":{"start":{"line":127,"column":24},"end":{"line":127,"column":52}},"type":"binary-expr","locations":[{"start":{"line":127,"column":24},"end":{"line":127,"column":46}},{"start":{"line":127,"column":50},"end":{"line":127,"column":52}}],"line":127},"10":{"loc":{"start":{"line":128,"column":20},"end":{"line":128,"column":67}},"type":"binary-expr","locations":[{"start":{"line":128,"column":20},"end":{"line":128,"column":38}},{"start":{"line":128,"column":42},"end":{"line":128,"column":67}}],"line":128},"11":{"loc":{"start":{"line":129,"column":21},"end":{"line":129,"column":46}},"type":"binary-expr","locations":[{"start":{"line":129,"column":21},"end":{"line":129,"column":40}},{"start":{"line":129,"column":44},"end":{"line":129,"column":46}}],"line":129}},"s":{"0":1,"1":1,"2":1,"3":1,"4":10,"5":0,"6":10,"7":20,"8":10,"9":10,"10":9,"11":9,"12":7,"13":7,"14":7,"15":7,"16":7,"17":10,"18":7,"19":10,"20":7,"21":7,"22":7,"23":3,"24":3,"25":3,"26":3,"27":3,"28":9},"f":{"0":10,"1":20,"2":10,"3":10,"4":10,"5":3,"6":9},"b":{"0":[1,1],"1":[1,0],"2":[0,10],"3":[10,0],"4":[10,0],"5":[10,1],"6":[10,1],"7":[10,1],"8":[10,1],"9":[10,1],"10":[10,1],"11":[10,1]},"_coverageSchema":"1a1c01bbd47fc00a2c39e90264f33305004495a9","hash":"cc106d1541934cd60817e83fbb36af35094e9ada"}
,"/Users/angelpolanco/Documents/github-apps/vox langauge app/vox-language-app/lib/spaced-repetition/sm2.ts": {"path":"/Users/angelpolanco/Documents/github-apps/vox langauge app/vox-language-app/lib/spaced-repetition/sm2.ts","statementMap":{"0":{"start":{"line":40,"column":28},"end":{"line":45,"column":1}},"1":{"start":{"line":54,"column":57},"end":{"line":54,"column":62}},"2":{"start":{"line":56,"column":22},"end":{"line":56,"column":32}},"3":{"start":{"line":57,"column":20},"end":{"line":57,"column":28}},"4":{"start":{"line":58,"column":23},"end":{"line":58,"column":34}},"5":{"start":{"line":62,"column":2},"end":{"line":63,"column":71}},"6":{"start":{"line":66,"column":2},"end":{"line":68,"column":3}},"7":{"start":{"line":67,"column":4},"end":{"line":67,"column":49}},"8":{"start":{"line":71,"column":2},"end":{"line":86,"column":3}},"9":{"start":{"line":73,"column":4},"end":{"line":73,"column":23}},"10":{"start":{"line":74,"column":4},"end":{"line":74,"column":20}},"11":{"start":{"line":77,"column":4},"end":{"line":84,"column":5}},"12":{"start":{"line":78,"column":6},"end":{"line":78,"column":22}},"13":{"start":{"line":79,"column":11},"end":{"line":84,"column":5}},"14":{"start":{"line":80,"column":6},"end":{"line":80,"column":22}},"15":{"start":{"line":83,"column":6},"end":{"line":83,"column":57}},"16":{"start":{"line":85,"column":4},"end":{"line":85,"column":24}},"17":{"start":{"line":89,"column":21},"end":{"line":89,"column":31}},"18":{"start":{"line":90,"column":2},"end":{"line":90,"column":57}},"19":{"start":{"line":91,"column":2},"end":{"line":91,"column":34}},"20":{"start":{"line":93,"column":2},"end":{"line":98,"column":4}},"21":{"start":{"line":109,"column":2},"end":{"line":116,"column":3}},"22":{"start":{"line":111,"column":6},"end":{"line":111,"column":34}},"23":{"start":{"line":113,"column":6},"end":{"line":113,"column":32}},"24":{"start":{"line":115,"column":6},"end":{"line":115,"column":35}},"25":{"start":{"line":126,"column":14},"end":{"line":126,"column":24}},"26":{"start":{"line":127,"column":2},"end":{"line":127,"column":27}},"27":{"start":{"line":130,"column":4},"end":{"line":130,"column":70}},"28":{"start":{"line":131,"column":2},"end":{"line":131,"column":34}},"29":{"start":{"line":133,"column":2},"end":{"line":133,"column":27}},"30":{"start":{"line":143,"column":14},"end":{"line":143,"column":24}},"31":{"start":{"line":144,"column":2},"end":{"line":144,"column":27}},"32":{"start":{"line":147,"column":4},"end":{"line":147,"column":70}},"33":{"start":{"line":148,"column":2},"end":{"line":148,"column":34}},"34":{"start":{"line":150,"column":17},"end":{"line":150,"column":53}},"35":{"start":{"line":151,"column":19},"end":{"line":151,"column":60}},"36":{"start":{"line":153,"column":2},"end":{"line":153,"column":18}},"37":{"start":{"line":162,"column":2},"end":{"line":167,"column":4}}},"fnMap":{"0":{"name":"calculateSM2","decl":{"start":{"line":53,"column":16},"end":{"line":53,"column":28}},"loc":{"start":{"line":53,"column":57},"end":{"line":99,"column":1}},"line":53},"1":{"name":"simpleToReviewQuality","decl":{"start":{"line":108,"column":16},"end":{"line":108,"column":37}},"loc":{"start":{"line":108,"column":77},"end":{"line":117,"column":1}},"line":108},"2":{"name":"isDueForReview","decl":{"start":{"line":125,"column":16},"end":{"line":125,"column":30}},"loc":{"start":{"line":125,"column":67},"end":{"line":134,"column":1}},"line":125},"3":{"name":"getDaysUntilReview","decl":{"start":{"line":142,"column":16},"end":{"line":142,"column":34}},"loc":{"start":{"line":142,"column":70},"end":{"line":154,"column":1}},"line":142},"4":{"name":"initializeSM2","decl":{"start":{"line":161,"column":16},"end":{"line":161,"column":29}},"loc":{"start":{"line":161,"column":43},"end":{"line":168,"column":1}},"line":161}},"branchMap":{"0":{"loc":{"start":{"line":66,"column":2},"end":{"line":68,"column":3}},"type":"if","locations":[{"start":{"line":66,"column":2},"end":{"line":68,"column":3}},{"start":{},"end":{}}],"line":66},"1":{"loc":{"start":{"line":71,"column":2},"end":{"line":86,"column":3}},"type":"if","locations":[{"start":{"line":71,"column":2},"end":{"line":86,"column":3}},{"start":{"line":75,"column":9},"end":{"line":86,"column":3}}],"line":71},"2":{"loc":{"start":{"line":77,"column":4},"end":{"line":84,"column":5}},"type":"if","locations":[{"start":{"line":77,"column":4},"end":{"line":84,"column":5}},{"start":{"line":79,"column":11},"end":{"line":84,"column":5}}],"line":77},"3":{"loc":{"start":{"line":79,"column":11},"end":{"line":84,"column":5}},"type":"if","locations":[{"start":{"line":79,"column":11},"end":{"line":84,"column":5}},{"start":{"line":81,"column":11},"end":{"line":84,"column":5}}],"line":79},"4":{"loc":{"start":{"line":109,"column":2},"end":{"line":116,"column":3}},"type":"switch","locations":[{"start":{"line":110,"column":4},"end":{"line":111,"column":34}},{"start":{"line":112,"column":4},"end":{"line":113,"column":32}},{"start":{"line":114,"column":4},"end":{"line":115,"column":35}}],"line":109},"5":{"loc":{"start":{"line":130,"column":4},"end":{"line":130,"column":70}},"type":"cond-expr","locations":[{"start":{"line":130,"column":37},"end":{"line":130,"column":57}},{"start":{"line":130,"column":60},"end":{"line":130,"column":70}}],"line":130},"6":{"loc":{"start":{"line":147,"column":4},"end":{"line":147,"column":70}},"type":"cond-expr","locations":[{"start":{"line":147,"column":37},"end":{"line":147,"column":57}},{"start":{"line":147,"column":60},"end":{"line":147,"column":70}}],"line":147}},"s":{"0":0,"1":0,"2":0,"3":0,"4":0,"5":0,"6":0,"7":0,"8":0,"9":0,"10":0,"11":0,"12":0,"13":0,"14":0,"15":0,"16":0,"17":0,"18":0,"19":0,"20":0,"21":0,"22":0,"23":0,"24":0,"25":0,"26":0,"27":0,"28":0,"29":0,"30":0,"31":0,"32":0,"33":0,"34":0,"35":0,"36":0,"37":0},"f":{"0":0,"1":0,"2":0,"3":0,"4":0},"b":{"0":[0,0],"1":[0,0],"2":[0,0],"3":[0,0],"4":[0,0,0],"5":[0,0],"6":[0,0]}}
}
