TN:
SF:components/OnboardingRedirectModal.tsx
FN:21,OnboardingRedirectModal
FN:22,(anonymous_1)
FN:132,(anonymous_2)
FNF:3
FNH:0
FNDA:0,OnboardingRedirectModal
FNDA:0,(anonymous_1)
FNDA:0,(anonymous_2)
DA:14,0
DA:22,0
DA:23,0
DA:24,0
DA:27,0
DA:133,0
LF:6
LH:0
BRF:0
BRH:0
end_of_record
TN:
SF:components/animations/LottieError.tsx
FN:12,LottieError
FN:19,(anonymous_1)
FN:30,(anonymous_2)
FNF:3
FNH:0
FNDA:0,LottieError
FNDA:0,(anonymous_1)
FNDA:0,(anonymous_2)
DA:17,0
DA:19,0
DA:20,0
DA:21,0
DA:30,0
DA:31,0
DA:36,0
LF:7
LH:0
BRDA:13,0,0,0
BRDA:14,1,0,0
BRDA:15,2,0,0
BRDA:20,3,0,0
BRDA:20,3,1,0
BRDA:38,4,0,0
BRDA:38,4,1,0
BRDA:46,5,0,0
BRDA:46,5,1,0
BRF:9
BRH:0
end_of_record
TN:
SF:components/animations/LottieLoader.tsx
FN:10,LottieLoader
FNF:1
FNH:0
FNDA:0,LottieLoader
DA:11,0
LF:1
LH:0
BRDA:10,0,0,0
BRDA:10,1,0,0
BRDA:19,2,0,0
BRDA:19,2,1,0
BRF:4
BRH:0
end_of_record
TN:
SF:components/animations/LottieSuccess.tsx
FN:13,LottieSuccess
FN:20,(anonymous_1)
FN:22,(anonymous_2)
FN:25,(anonymous_3)
FNF:4
FNH:0
FNDA:0,LottieSuccess
FNDA:0,(anonymous_1)
FNDA:0,(anonymous_2)
FNDA:0,(anonymous_3)
DA:20,0
DA:21,0
DA:22,0
DA:23,0
DA:25,0
DA:29,0
LF:6
LH:0
BRDA:14,0,0,0
BRDA:15,1,0,0
BRDA:17,2,0,0
BRDA:18,3,0,0
BRDA:21,4,0,0
BRDA:21,4,1,0
BRDA:37,5,0,0
BRDA:37,5,1,0
BRF:8
BRH:0
end_of_record
TN:
SF:components/animations/index.tsx
FNF:0
FNH:0
LF:0
LH:0
BRF:0
BRH:0
end_of_record
TN:
SF:components/cards/AudioControls.tsx
FN:17,AudioControls
FN:39,(anonymous_1)
FN:66,(anonymous_2)
FN:67,(anonymous_3)
FN:77,(anonymous_4)
FN:92,(anonymous_5)
FNF:6
FNH:0
FNDA:0,AudioControls
FNDA:0,(anonymous_1)
FNDA:0,(anonymous_2)
FNDA:0,(anonymous_3)
FNDA:0,(anonymous_4)
FNDA:0,(anonymous_5)
DA:23,0
DA:24,0
DA:25,0
DA:27,0
DA:33,0
DA:39,0
DA:40,0
DA:42,0
DA:44,0
DA:45,0
DA:47,0
DA:50,0
DA:51,0
DA:52,0
DA:57,0
DA:63,0
DA:66,0
DA:67,0
DA:71,0
DA:72,0
DA:73,0
DA:77,0
DA:86,0
DA:90,0
DA:92,0
DA:126,0
DA:139,0
LF:27
LH:0
BRDA:19,0,0,0
BRDA:20,1,0,0
BRDA:21,2,0,0
BRDA:45,3,0,0
BRDA:45,3,1,0
BRDA:50,4,0,0
BRDA:50,4,1,0
BRDA:57,5,0,0
BRDA:57,5,1,0
BRDA:65,6,0,0
BRDA:65,6,1,0
BRDA:72,7,0,0
BRDA:72,7,1,0
BRDA:86,8,0,0
BRDA:86,8,1,0
BRDA:109,9,0,0
BRDA:109,9,1,0
BRDA:113,10,0,0
BRDA:113,10,1,0
BRDA:130,11,0,0
BRDA:130,11,1,0
BRF:21
BRH:0
end_of_record
TN:
SF:components/cards/AudioToImageCard.tsx
FN:32,AudioToImageCard
FN:44,(anonymous_1)
FN:53,(anonymous_2)
FN:54,(anonymous_3)
FN:62,(anonymous_4)
FN:81,(anonymous_5)
FN:88,(anonymous_6)
FN:93,(anonymous_7)
FN:103,(anonymous_8)
FN:111,(anonymous_9)
FN:177,(anonymous_10)
FNF:11
FNH:0
FNDA:0,AudioToImageCard
FNDA:0,(anonymous_1)
FNDA:0,(anonymous_2)
FNDA:0,(anonymous_3)
FNDA:0,(anonymous_4)
FNDA:0,(anonymous_5)
FNDA:0,(anonymous_6)
FNDA:0,(anonymous_7)
FNDA:0,(anonymous_8)
FNDA:0,(anonymous_9)
FNDA:0,(anonymous_10)
DA:14,0
DA:15,0
DA:40,0
DA:41,0
DA:42,0
DA:44,0
DA:45,0
DA:46,0
DA:47,0
DA:50,0
DA:53,0
DA:54,0
DA:57,0
DA:58,0
DA:62,0
DA:63,0
DA:65,0
DA:66,0
DA:68,0
DA:71,0
DA:72,0
DA:74,0
DA:78,0
DA:81,0
DA:82,0
DA:83,0
DA:84,0
DA:86,0
DA:88,0
DA:93,0
DA:94,0
DA:95,0
DA:96,0
DA:98,0
DA:103,0
DA:104,0
DA:105,0
DA:108,0
DA:111,0
DA:147,0
DA:178,0
DA:185,0
LF:42
LH:0
BRDA:35,0,0,0
BRDA:63,1,0,0
BRDA:63,1,1,0
BRDA:71,2,0,0
BRDA:71,2,1,0
BRDA:84,3,0,0
BRDA:84,3,1,0
BRDA:84,3,2,0
BRDA:94,4,0,0
BRDA:94,4,1,0
BRDA:95,5,0,0
BRDA:95,5,1,0
BRDA:104,6,0,0
BRDA:104,6,1,0
BRDA:105,7,0,0
BRDA:105,7,1,0
BRDA:120,8,0,0
BRDA:120,8,1,0
BRDA:129,9,0,0
BRDA:129,9,1,0
BRDA:131,10,0,0
BRDA:131,10,1,0
BRDA:135,11,0,0
BRDA:135,11,1,0
BRDA:165,12,0,0
BRDA:165,12,1,0
BRDA:170,13,0,0
BRDA:170,13,1,0
BRF:28
BRH:0
end_of_record
TN:
SF:components/cards/BaseCard.tsx
FN:22,BaseCard
FN:34,(anonymous_1)
FN:39,(anonymous_2)
FN:53,(anonymous_3)
FNF:4
FNH:0
FNDA:0,BaseCard
FNDA:0,(anonymous_1)
FNDA:0,(anonymous_2)
FNDA:0,(anonymous_3)
DA:32,0
DA:34,0
DA:39,0
DA:40,0
DA:42,0
DA:44,0
DA:46,0
DA:48,0
DA:53,0
DA:54,0
DA:55,0
DA:61,0
DA:64,0
DA:70,0
DA:129,0
LF:15
LH:0
BRDA:24,0,0,0
BRDA:25,1,0,0
BRDA:26,2,0,0
BRDA:27,3,0,0
BRDA:40,4,0,0
BRDA:40,4,1,0
BRDA:40,4,2,0
BRDA:40,4,3,0
BRDA:54,5,0,0
BRDA:54,5,1,0
BRDA:55,6,0,0
BRDA:55,6,1,0
BRDA:57,7,0,0
BRDA:57,7,1,0
BRDA:72,8,0,0
BRDA:72,8,1,0
BRDA:85,9,0,0
BRDA:85,9,1,0
BRDA:88,10,0,0
BRDA:88,10,1,0
BRDA:110,11,0,0
BRDA:110,11,1,0
BRDA:113,12,0,0
BRDA:113,12,1,0
BRF:24
BRH:0
end_of_record
TN:
SF:components/cards/ComparisonCard.tsx
FN:24,ComparisonCard
FN:29,(anonymous_1)
FN:43,(anonymous_2)
FN:68,(anonymous_3)
FN:82,(anonymous_4)
FNF:5
FNH:0
FNDA:0,ComparisonCard
FNDA:0,(anonymous_1)
FNDA:0,(anonymous_2)
FNDA:0,(anonymous_3)
FNDA:0,(anonymous_4)
DA:29,0
DA:30,0
DA:31,0
DA:34,0
DA:39,0
DA:43,0
DA:44,0
DA:68,0
DA:82,0
DA:99,0
DA:126,0
LF:11
LH:0
BRDA:26,0,0,0
BRDA:29,1,0,0
BRDA:36,2,0,0
BRDA:36,2,1,0
BRDA:47,3,0,0
BRDA:47,3,1,0
BRDA:47,4,0,0
BRDA:47,4,1,0
BRDA:63,5,0,0
BRDA:63,5,1,0
BRDA:101,6,0,0
BRDA:101,6,1,0
BRF:12
BRH:0
end_of_record
TN:
SF:components/cards/ImageMultipleChoiceCard.tsx
FN:26,ImageMultipleChoiceCard
FN:36,(anonymous_1)
FN:55,(anonymous_2)
FN:63,(anonymous_3)
FN:71,(anonymous_4)
FN:87,(anonymous_5)
FN:95,(anonymous_6)
FN:134,(anonymous_7)
FNF:8
FNH:0
FNDA:0,ImageMultipleChoiceCard
FNDA:0,(anonymous_1)
FNDA:0,(anonymous_2)
FNDA:0,(anonymous_3)
FNDA:0,(anonymous_4)
FNDA:0,(anonymous_5)
FNDA:0,(anonymous_6)
FNDA:0,(anonymous_7)
DA:15,0
DA:16,0
DA:33,0
DA:34,0
DA:36,0
DA:37,0
DA:39,0
DA:40,0
DA:42,0
DA:45,0
DA:46,0
DA:48,0
DA:52,0
DA:55,0
DA:56,0
DA:57,0
DA:58,0
DA:60,0
DA:61,0
DA:63,0
DA:71,0
DA:72,0
DA:73,0
DA:74,0
DA:77,0
DA:87,0
DA:88,0
DA:89,0
DA:92,0
DA:95,0
DA:119,0
DA:135,0
DA:142,0
LF:33
LH:0
BRDA:37,0,0,0
BRDA:37,0,1,0
BRDA:45,1,0,0
BRDA:45,1,1,0
BRDA:58,2,0,0
BRDA:58,2,1,0
BRDA:58,2,2,0
BRDA:72,3,0,0
BRDA:72,3,1,0
BRDA:73,4,0,0
BRDA:73,4,1,0
BRDA:88,5,0,0
BRDA:88,5,1,0
BRDA:89,6,0,0
BRDA:89,6,1,0
BRDA:106,7,0,0
BRDA:106,7,1,0
BRDA:108,8,0,0
BRDA:108,8,1,0
BRF:19
BRH:0
end_of_record
TN:
SF:components/cards/SingleVocabCard.tsx
FN:21,SingleVocabCard
FNF:1
FNH:0
FNDA:0,SingleVocabCard
DA:7,0
DA:8,0
DA:31,0
DA:63,0
LF:4
LH:0
BRDA:26,0,0,0
BRDA:27,1,0,0
BRDA:28,2,0,0
BRDA:35,3,0,0
BRDA:35,3,1,0
BRDA:48,4,0,0
BRDA:48,4,1,0
BRDA:49,5,0,0
BRDA:49,5,1,0
BRDA:49,5,2,0
BRF:10
BRH:0
end_of_record
TN:
SF:components/cards/SpeakingCard.tsx
FN:27,SpeakingCard
FN:46,(anonymous_1)
FN:51,(anonymous_2)
FN:98,(anonymous_3)
FN:132,(anonymous_4)
FN:152,(anonymous_5)
FN:163,(anonymous_6)
FN:238,(anonymous_7)
FNF:8
FNH:0
FNDA:0,SpeakingCard
FNDA:0,(anonymous_1)
FNDA:0,(anonymous_2)
FNDA:0,(anonymous_3)
FNDA:0,(anonymous_4)
FNDA:0,(anonymous_5)
FNDA:0,(anonymous_6)
FNDA:0,(anonymous_7)
DA:35,0
DA:36,0
DA:37,0
DA:39,0
DA:40,0
DA:43,0
DA:44,0
DA:46,0
DA:51,0
DA:52,0
DA:53,0
DA:56,0
DA:57,0
DA:58,0
DA:59,0
DA:63,0
DA:69,0
DA:70,0
DA:71,0
DA:73,0
DA:74,0
DA:77,0
DA:85,0
DA:94,0
DA:98,0
DA:99,0
DA:100,0
DA:102,0
DA:104,0
DA:107,0
DA:108,0
DA:109,0
DA:110,0
DA:113,0
DA:114,0
DA:116,0
DA:117,0
DA:119,0
DA:120,0
DA:124,0
DA:128,0
DA:132,0
DA:133,0
DA:135,0
DA:136,0
DA:139,0
DA:140,0
DA:144,0
DA:149,0
DA:150,0
DA:152,0
DA:153,0
DA:154,0
DA:158,0
DA:159,0
DA:163,0
DA:164,0
DA:165,0
DA:168,0
DA:173,0
DA:177,0
DA:239,0
DA:240,0
DA:281,0
LF:64
LH:0
BRDA:32,0,0,0
BRDA:57,1,0,0
BRDA:57,1,1,0
BRDA:102,2,0,0
BRDA:102,2,1,0
BRDA:119,3,0,0
BRDA:119,3,1,0
BRDA:133,4,0,0
BRDA:133,4,1,0
BRDA:139,5,0,0
BRDA:139,5,1,0
BRDA:153,6,0,0
BRDA:153,6,1,0
BRDA:153,7,0,0
BRDA:153,7,1,0
BRDA:184,8,0,0
BRDA:184,8,1,0
BRDA:200,9,0,0
BRDA:200,9,1,0
BRDA:212,10,0,0
BRDA:212,10,1,0
BRDA:218,11,0,0
BRDA:218,11,1,0
BRDA:224,12,0,0
BRDA:224,12,1,0
BRDA:231,13,0,0
BRDA:231,13,1,0
BRDA:236,14,0,0
BRDA:236,14,1,0
BRDA:236,14,2,0
BRDA:253,15,0,0
BRDA:253,15,1,0
BRDA:267,16,0,0
BRDA:267,16,1,0
BRDA:272,17,0,0
BRDA:272,17,1,0
BRF:36
BRH:0
end_of_record
TN:
SF:components/cards/TextInputCard.tsx
FN:32,TextInputCard
FN:47,(anonymous_1)
FN:51,(anonymous_2)
FN:60,(anonymous_3)
FN:70,(anonymous_4)
FN:97,(anonymous_5)
FNF:6
FNH:0
FNDA:0,TextInputCard
FNDA:0,(anonymous_1)
FNDA:0,(anonymous_2)
FNDA:0,(anonymous_3)
FNDA:0,(anonymous_4)
FNDA:0,(anonymous_5)
DA:41,0
DA:42,0
DA:43,0
DA:45,0
DA:47,0
DA:51,0
DA:52,0
DA:56,0
DA:60,0
DA:61,0
DA:64,0
DA:70,0
DA:71,0
DA:73,0
DA:74,0
DA:76,0
DA:77,0
DA:80,0
DA:81,0
DA:83,0
DA:85,0
DA:94,0
DA:97,0
DA:98,0
DA:99,0
DA:100,0
DA:103,0
DA:198,0
LF:28
LH:0
BRDA:37,0,0,0
BRDA:38,1,0,0
BRDA:52,2,0,0
BRDA:52,2,1,0
BRDA:56,3,0,0
BRDA:56,3,1,0
BRDA:61,4,0,0
BRDA:61,4,1,0
BRDA:65,5,0,0
BRDA:65,5,1,0
BRDA:71,6,0,0
BRDA:71,6,1,0
BRDA:71,7,0,0
BRDA:71,7,1,0
BRDA:80,8,0,0
BRDA:80,8,1,0
BRDA:107,9,0,0
BRDA:107,9,1,0
BRDA:110,10,0,0
BRDA:110,10,1,0
BRDA:124,11,0,0
BRDA:124,11,1,0
BRDA:125,12,0,0
BRDA:125,12,1,0
BRDA:146,13,0,0
BRDA:146,13,1,0
BRDA:148,14,0,0
BRDA:148,14,1,0
BRDA:157,15,0,0
BRDA:157,15,1,0
BRDA:157,15,2,0
BRDA:167,16,0,0
BRDA:167,16,1,0
BRDA:174,17,0,0
BRDA:174,17,1,0
BRDA:176,18,0,0
BRDA:176,18,1,0
BRDA:185,19,0,0
BRDA:185,19,1,0
BRDA:188,20,0,0
BRDA:188,20,1,0
BRF:41
BRH:0
end_of_record
TN:
SF:components/cards/index.ts
FNF:0
FNH:0
LF:0
LH:0
BRF:0
BRH:0
end_of_record
TN:
SF:components/flashcards/LearningCard.tsx
FN:24,(anonymous_0)
FN:36,(anonymous_1)
FN:43,playSound
FN:49,(anonymous_3)
FN:62,(anonymous_4)
FN:80,(anonymous_5)
FN:103,(anonymous_6)
FNF:7
FNH:0
FNDA:0,(anonymous_0)
FNDA:0,(anonymous_1)
FNDA:0,playSound
FNDA:0,(anonymous_3)
FNDA:0,(anonymous_4)
FNDA:0,(anonymous_5)
FNDA:0,(anonymous_6)
DA:24,0
DA:33,0
DA:34,0
DA:36,0
DA:37,0
DA:38,0
DA:39,0
DA:44,0
DA:45,0
DA:49,0
DA:50,0
DA:56,0
DA:62,0
DA:63,0
DA:69,0
DA:80,0
DA:81,0
DA:103,0
DA:104,0
DA:126,0
LF:20
LH:0
BRDA:34,0,0,0
BRDA:34,0,1,0
BRDA:37,1,0,0
BRDA:37,1,1,0
BRDA:38,2,0,0
BRDA:38,2,1,0
BRDA:44,3,0,0
BRDA:44,3,1,0
BRDA:44,4,0,0
BRDA:44,4,1,0
BRDA:88,5,0,0
BRDA:88,5,1,0
BRDA:96,6,0,0
BRDA:96,6,1,0
BRDA:111,7,0,0
BRDA:111,7,1,0
BRDA:114,8,0,0
BRDA:114,8,1,0
BRF:18
BRH:0
end_of_record
TN:
SF:components/flashcards/ListeningCard.tsx
FN:24,(anonymous_0)
FN:39,playSound
FN:45,(anonymous_2)
FN:49,(anonymous_3)
FN:62,(anonymous_4)
FN:72,(anonymous_5)
FNF:6
FNH:0
FNDA:0,(anonymous_0)
FNDA:0,playSound
FNDA:0,(anonymous_2)
FNDA:0,(anonymous_3)
FNDA:0,(anonymous_4)
FNDA:0,(anonymous_5)
DA:24,0
DA:31,0
DA:32,0
DA:33,0
DA:34,0
DA:36,0
DA:37,0
DA:40,0
DA:41,0
DA:45,0
DA:46,0
DA:49,0
DA:50,0
DA:51,0
DA:52,0
DA:56,0
DA:62,0
DA:63,0
DA:64,0
DA:65,0
DA:67,0
DA:68,0
DA:72,0
DA:73,0
DA:79,0
LF:25
LH:0
BRDA:40,0,0,0
BRDA:40,0,1,0
BRDA:63,1,0,0
BRDA:63,1,1,0
BRDA:101,2,0,0
BRDA:101,2,1,0
BRDA:106,3,0,0
BRDA:106,3,1,0
BRDA:108,4,0,0
BRDA:108,4,1,0
BRDA:117,5,0,0
BRDA:117,5,1,0
BRF:12
BRH:0
end_of_record
TN:
SF:components/flashcards/SpeakingCard.tsx
FN:24,(anonymous_0)
FN:42,(anonymous_1)
FN:44,(anonymous_2)
FN:45,(anonymous_3)
FN:60,(anonymous_4)
FN:68,(anonymous_5)
FN:74,startRecording
FN:90,stopRecording
FN:103,playRecordedSound
FN:109,playExampleSound
FN:115,(anonymous_10)
FN:123,(anonymous_11)
FN:131,(anonymous_12)
FN:179,(anonymous_13)
FNF:14
FNH:0
FNDA:0,(anonymous_0)
FNDA:0,(anonymous_1)
FNDA:0,(anonymous_2)
FNDA:0,(anonymous_3)
FNDA:0,(anonymous_4)
FNDA:0,(anonymous_5)
FNDA:0,startRecording
FNDA:0,stopRecording
FNDA:0,playRecordedSound
FNDA:0,playExampleSound
FNDA:0,(anonymous_10)
FNDA:0,(anonymous_11)
FNDA:0,(anonymous_12)
FNDA:0,(anonymous_13)
DA:14,0
DA:24,0
DA:31,0
DA:32,0
DA:33,0
DA:34,0
DA:35,0
DA:36,0
DA:38,0
DA:40,0
DA:42,0
DA:43,0
DA:44,0
DA:45,0
DA:47,0
DA:53,0
DA:54,0
DA:55,0
DA:57,0
DA:58,0
DA:60,0
DA:61,0
DA:62,0
DA:68,0
DA:69,0
DA:75,0
DA:76,0
DA:77,0
DA:78,0
DA:79,0
DA:82,0
DA:83,0
DA:85,0
DA:86,0
DA:91,0
DA:92,0
DA:93,0
DA:94,0
DA:96,0
DA:99,0
DA:104,0
DA:105,0
DA:110,0
DA:111,0
DA:115,0
DA:116,0
DA:117,0
DA:119,0
DA:123,0
DA:124,0
DA:125,0
DA:127,0
DA:131,0
DA:132,0
DA:133,0
DA:134,0
DA:137,0
DA:179,0
LF:58
LH:0
BRDA:32,0,0,0
BRDA:32,0,1,0
BRDA:43,1,0,0
BRDA:43,1,1,0
BRDA:53,2,0,0
BRDA:53,2,1,0
BRDA:61,3,0,0
BRDA:61,3,1,0
BRDA:77,4,0,0
BRDA:77,4,1,0
BRDA:93,5,0,0
BRDA:93,5,1,0
BRDA:104,6,0,0
BRDA:104,6,1,0
BRDA:104,7,0,0
BRDA:104,7,1,0
BRDA:110,8,0,0
BRDA:110,8,1,0
BRDA:110,9,0,0
BRDA:110,9,1,0
BRDA:116,10,0,0
BRDA:116,10,1,0
BRDA:124,11,0,0
BRDA:124,11,1,0
BRDA:142,12,0,0
BRDA:142,12,1,0
BRDA:145,13,0,0
BRDA:145,13,1,0
BRDA:152,14,0,0
BRDA:152,14,1,0
BRDA:155,15,0,0
BRDA:155,15,1,0
BRDA:161,16,0,0
BRDA:161,16,1,0
BRDA:177,17,0,0
BRDA:177,17,1,0
BRF:36
BRH:0
end_of_record
TN:
SF:components/games/MultipleChoiceCard.tsx
FN:26,MultipleChoiceCard
FN:36,(anonymous_1)
FN:38,(anonymous_2)
FN:44,(anonymous_3)
FN:59,(anonymous_4)
FN:66,(anonymous_5)
FN:70,(anonymous_6)
FN:72,(anonymous_7)
FN:100,(anonymous_8)
FN:111,(anonymous_9)
FN:117,(anonymous_10)
FNF:11
FNH:0
FNDA:0,MultipleChoiceCard
FNDA:0,(anonymous_1)
FNDA:0,(anonymous_2)
FNDA:0,(anonymous_3)
FNDA:0,(anonymous_4)
FNDA:0,(anonymous_5)
FNDA:0,(anonymous_6)
FNDA:0,(anonymous_7)
FNDA:0,(anonymous_8)
FNDA:0,(anonymous_9)
FNDA:0,(anonymous_10)
DA:27,0
DA:28,0
DA:29,0
DA:30,0
DA:31,0
DA:33,0
DA:34,0
DA:36,0
DA:37,0
DA:39,0
DA:44,0
DA:45,0
DA:46,0
DA:47,0
DA:49,0
DA:53,0
DA:59,0
DA:60,0
DA:62,0
DA:63,0
DA:65,0
DA:66,0
DA:70,0
DA:71,0
DA:72,0
DA:73,0
DA:74,0
DA:76,0
DA:80,0
DA:81,0
DA:88,0
DA:100,0
DA:112,0
DA:117,0
LF:34
LH:0
BRDA:37,0,0,0
BRDA:37,0,1,0
BRDA:46,1,0,0
BRDA:46,1,1,0
BRDA:60,2,0,0
BRDA:60,2,1,0
BRDA:65,3,0,0
BRDA:65,3,1,0
BRDA:71,4,0,0
BRDA:71,4,1,0
BRDA:80,5,0,0
BRDA:80,5,1,0
BRDA:103,6,0,0
BRDA:103,6,1,0
BRDA:104,7,0,0
BRDA:104,7,1,0
BRDA:105,8,0,0
BRDA:105,8,1,0
BRDA:121,9,0,0
BRDA:121,9,1,0
BRDA:121,10,0,0
BRDA:121,10,1,0
BRDA:122,11,0,0
BRDA:122,11,1,0
BRDA:123,12,0,0
BRDA:123,12,1,0
BRDA:123,13,0,0
BRDA:123,13,1,0
BRDA:125,14,0,0
BRDA:125,14,1,0
BRDA:137,15,0,0
BRDA:137,15,1,0
BRDA:137,15,2,0
BRDA:140,16,0,0
BRDA:140,16,1,0
BRDA:142,17,0,0
BRDA:142,17,1,0
BRDA:153,18,0,0
BRDA:153,18,1,0
BRDA:160,19,0,0
BRDA:160,19,1,0
BRF:41
BRH:0
end_of_record
TN:
SF:components/games/TapToMatchCard.tsx
FN:27,(anonymous_0)
FN:35,TapToMatchCard
FN:45,(anonymous_2)
FN:47,(anonymous_3)
FN:54,(anonymous_4)
FN:57,(anonymous_5)
FN:65,(anonymous_6)
FN:67,(anonymous_7)
FN:93,(anonymous_8)
FN:100,(anonymous_9)
FN:113,(anonymous_10)
FN:114,(anonymous_11)
FN:115,(anonymous_12)
FN:126,(anonymous_13)
FN:127,(anonymous_14)
FN:128,(anonymous_15)
FN:141,(anonymous_16)
FN:165,(anonymous_17)
FN:169,(anonymous_18)
FN:183,FlipCard
FN:186,(anonymous_20)
FN:194,(anonymous_21)
FN:202,(anonymous_22)
FNF:23
FNH:0
FNDA:0,(anonymous_0)
FNDA:0,TapToMatchCard
FNDA:0,(anonymous_2)
FNDA:0,(anonymous_3)
FNDA:0,(anonymous_4)
FNDA:0,(anonymous_5)
FNDA:0,(anonymous_6)
FNDA:0,(anonymous_7)
FNDA:0,(anonymous_8)
FNDA:0,(anonymous_9)
FNDA:0,(anonymous_10)
FNDA:0,(anonymous_11)
FNDA:0,(anonymous_12)
FNDA:0,(anonymous_13)
FNDA:0,(anonymous_14)
FNDA:0,(anonymous_15)
FNDA:0,(anonymous_16)
FNDA:0,(anonymous_17)
FNDA:0,(anonymous_18)
FNDA:0,FlipCard
FNDA:0,(anonymous_20)
FNDA:0,(anonymous_21)
FNDA:0,(anonymous_22)
DA:27,0
DA:28,0
DA:29,0
DA:30,0
DA:32,0
DA:36,0
DA:37,0
DA:38,0
DA:39,0
DA:40,0
DA:41,0
DA:42,0
DA:43,0
DA:45,0
DA:46,0
DA:47,0
DA:48,0
DA:49,0
DA:54,0
DA:55,0
DA:56,0
DA:57,0
DA:58,0
DA:60,0
DA:61,0
DA:65,0
DA:66,0
DA:67,0
DA:68,0
DA:76,0
DA:85,0
DA:86,0
DA:87,0
DA:88,0
DA:89,0
DA:90,0
DA:93,0
DA:94,0
DA:95,0
DA:98,0
DA:100,0
DA:101,0
DA:103,0
DA:105,0
DA:106,0
DA:108,0
DA:109,0
DA:111,0
DA:113,0
DA:114,0
DA:115,0
DA:116,0
DA:119,0
DA:120,0
DA:121,0
DA:122,0
DA:126,0
DA:127,0
DA:128,0
DA:129,0
DA:132,0
DA:138,0
DA:139,0
DA:152,0
DA:166,0
DA:169,0
DA:184,0
DA:186,0
DA:187,0
DA:188,0
DA:194,0
DA:195,0
DA:196,0
DA:202,0
DA:203,0
DA:204,0
DA:206,0
DA:210,0
LF:78
LH:0
BRDA:48,0,0,0
BRDA:48,0,1,0
BRDA:55,1,0,0
BRDA:55,1,1,0
BRDA:55,2,0,0
BRDA:55,2,1,0
BRDA:60,3,0,0
BRDA:60,3,1,0
BRDA:60,4,0,0
BRDA:60,4,1,0
BRDA:94,5,0,0
BRDA:94,5,1,0
BRDA:94,6,0,0
BRDA:94,6,1,0
BRDA:94,6,2,0
BRDA:94,6,3,0
BRDA:101,7,0,0
BRDA:101,7,1,0
BRDA:108,8,0,0
BRDA:108,8,1,0
BRDA:111,9,0,0
BRDA:111,9,1,0
BRDA:116,10,0,0
BRDA:116,10,1,0
BRDA:120,11,0,0
BRDA:120,11,1,0
BRDA:129,12,0,0
BRDA:129,12,1,0
BRDA:129,13,0,0
BRDA:129,13,1,0
BRDA:138,14,0,0
BRDA:138,14,1,0
BRDA:187,15,0,0
BRDA:187,15,1,0
BRDA:190,16,0,0
BRDA:190,16,1,0
BRDA:195,17,0,0
BRDA:195,17,1,0
BRDA:198,18,0,0
BRDA:198,18,1,0
BRDA:203,19,0,0
BRDA:203,19,1,0
BRDA:221,20,0,0
BRDA:221,20,1,0
BRDA:227,21,0,0
BRDA:227,21,1,0
BRDA:228,22,0,0
BRDA:228,22,1,0
BRF:48
BRH:0
end_of_record
TN:
SF:components/session/SessionSummary.tsx
FN:17,SessionSummary
FN:33,(anonymous_1)
FN:42,(anonymous_2)
FNF:3
FNH:0
FNDA:0,SessionSummary
FNDA:0,(anonymous_1)
FNDA:0,(anonymous_2)
DA:24,0
DA:27,0
DA:28,0
DA:30,0
DA:33,0
DA:34,0
DA:35,0
DA:36,0
DA:37,0
DA:38,0
DA:42,0
DA:45,0
DA:47,0
DA:49,0
DA:51,0
DA:53,0
DA:55,0
DA:59,0
LF:18
LH:0
BRDA:30,0,0,0
BRDA:30,0,1,0
BRDA:34,1,0,0
BRDA:34,1,1,0
BRDA:35,2,0,0
BRDA:35,2,1,0
BRDA:36,3,0,0
BRDA:36,3,1,0
BRDA:37,4,0,0
BRDA:37,4,1,0
BRDA:45,5,0,0
BRDA:45,5,1,0
BRDA:45,5,2,0
BRDA:45,5,3,0
BRDA:45,5,4,0
BRDA:150,6,0,0
BRDA:150,6,1,0
BRDA:165,7,0,0
BRDA:165,7,1,0
BRDA:180,8,0,0
BRDA:180,8,1,0
BRDA:195,9,0,0
BRDA:195,9,1,0
BRDA:210,10,0,0
BRDA:210,10,1,0
BRF:25
BRH:0
end_of_record
TN:
SF:components/shared/StreakDisplay.tsx
FN:9,StreakDisplay
FNF:1
FNH:0
FNDA:0,StreakDisplay
DA:10,0
DA:12,0
DA:13,0
DA:26,0
LF:4
LH:0
BRDA:9,0,0,0
BRDA:12,1,0,0
BRDA:12,1,1,0
BRDA:30,2,0,0
BRDA:30,2,1,0
BRF:5
BRH:0
end_of_record
TN:
SF:components/ui/ProgressCard.tsx
FN:13,ProgressCard
FNF:1
FNH:0
FNDA:0,ProgressCard
DA:21,0
LF:1
LH:0
BRF:0
BRH:0
end_of_record
TN:
SF:components/ui/StatsCard.tsx
FN:11,StatsCard
FNF:1
FNH:0
FNDA:0,StatsCard
DA:12,0
LF:1
LH:0
BRDA:11,0,0,0
BRF:1
BRH:0
end_of_record
TN:
SF:components/ui/tamagui/Button.tsx
FN:142,(anonymous_0)
FNF:1
FNH:0
FNDA:0,(anonymous_0)
DA:14,0
DA:141,0
DA:143,0
DA:157,0
LF:4
LH:0
BRDA:142,0,0,0
BRDA:142,1,0,0
BRDA:142,2,0,0
BRF:3
BRH:0
end_of_record
TN:
SF:components/ui/tamagui/Card.tsx
FN:89,(anonymous_0)
FNF:1
FNH:0
FNDA:0,(anonymous_0)
DA:14,0
DA:88,0
DA:90,0
DA:104,0
LF:4
LH:0
BRDA:89,0,0,0
BRDA:89,1,0,0
BRDA:89,2,0,0
BRF:3
BRH:0
end_of_record
TN:
SF:components/ui/tamagui/Input.tsx
FN:91,(anonymous_0)
FNF:1
FNH:0
FNDA:0,(anonymous_0)
DA:17,0
DA:90,0
DA:103,0
DA:104,0
DA:106,0
DA:137,0
LF:6
LH:0
BRDA:93,0,0,0
BRDA:94,1,0,0
BRDA:98,2,0,0
BRDA:103,3,0,0
BRDA:103,3,1,0
BRDA:104,4,0,0
BRDA:104,4,1,0
BRDA:108,5,0,0
BRDA:108,5,1,0
BRDA:110,6,0,0
BRDA:110,6,1,0
BRDA:110,7,0,0
BRDA:110,7,1,0
BRDA:124,8,0,0
BRDA:124,8,1,0
BRDA:127,9,0,0
BRDA:127,9,1,0
BRDA:127,10,0,0
BRDA:127,10,1,0
BRF:19
BRH:0
end_of_record
TN:
SF:components/ui/tamagui/Stack.tsx
FN:15,(anonymous_0)
FN:25,(anonymous_1)
FN:35,(anonymous_2)
FNF:3
FNH:0
FNDA:0,(anonymous_0)
FNDA:0,(anonymous_1)
FNDA:0,(anonymous_2)
DA:15,0
DA:16,0
DA:19,0
DA:25,0
DA:26,0
DA:29,0
DA:35,0
DA:36,0
DA:39,0
LF:9
LH:0
BRF:0
BRH:0
end_of_record
TN:
SF:components/ui/tamagui/index.tsx
FNF:0
FNH:0
LF:0
LH:0
BRF:0
BRH:0
end_of_record
TN:
SF:hooks/useAuth.ts
FN:13,useAuth
FN:21,(anonymous_1)
FN:23,(anonymous_2)
FN:34,(anonymous_3)
FN:44,(anonymous_4)
FN:47,(anonymous_5)
FN:48,(anonymous_6)
FN:53,(anonymous_7)
FN:57,(anonymous_8)
FN:58,(anonymous_9)
FN:63,(anonymous_10)
FN:67,(anonymous_11)
FN:68,(anonymous_12)
FN:70,(anonymous_13)
FN:74,(anonymous_14)
FNF:15
FNH:0
FNDA:0,useAuth
FNDA:0,(anonymous_1)
FNDA:0,(anonymous_2)
FNDA:0,(anonymous_3)
FNDA:0,(anonymous_4)
FNDA:0,(anonymous_5)
FNDA:0,(anonymous_6)
FNDA:0,(anonymous_7)
FNDA:0,(anonymous_8)
FNDA:0,(anonymous_9)
FNDA:0,(anonymous_10)
FNDA:0,(anonymous_11)
FNDA:0,(anonymous_12)
FNDA:0,(anonymous_13)
FNDA:0,(anonymous_14)
DA:14,0
DA:21,0
DA:23,0
DA:24,0
DA:33,0
DA:35,0
DA:44,0
DA:47,0
DA:48,0
DA:49,0
DA:53,0
DA:54,0
DA:57,0
DA:58,0
DA:59,0
DA:63,0
DA:64,0
DA:67,0
DA:68,0
DA:69,0
DA:70,0
DA:71,0
DA:74,0
DA:75,0
DA:78,0
DA:81,0
LF:26
LH:0
BRDA:25,0,0,0
BRDA:25,0,1,0
BRDA:36,1,0,0
BRDA:36,1,1,0
BRF:4
BRH:0
end_of_record
TN:
SF:hooks/useFlashcard.ts
FN:80,useFlashcardSession
FN:111,(anonymous_1)
FN:160,(anonymous_2)
FN:168,(anonymous_3)
FN:191,(anonymous_4)
FN:284,(anonymous_5)
FN:292,(anonymous_6)
FN:303,(anonymous_7)
FN:346,(anonymous_8)
FNF:9
FNH:0
FNDA:0,useFlashcardSession
FNDA:0,(anonymous_1)
FNDA:0,(anonymous_2)
FNDA:0,(anonymous_3)
FNDA:0,(anonymous_4)
FNDA:0,(anonymous_5)
FNDA:0,(anonymous_6)
FNDA:0,(anonymous_7)
FNDA:0,(anonymous_8)
DA:30,0
DA:85,0
DA:86,0
DA:87,0
DA:88,0
DA:89,0
DA:90,0
DA:91,0
DA:94,0
DA:95,0
DA:96,0
DA:97,0
DA:100,0
DA:111,0
DA:112,0
DA:113,0
DA:115,0
DA:117,0
DA:119,0
DA:120,0
DA:121,0
DA:122,0
DA:126,0
DA:129,0
DA:130,0
DA:131,0
DA:132,0
DA:133,0
DA:134,0
DA:135,0
DA:136,0
DA:137,0
DA:138,0
DA:146,0
DA:149,0
DA:150,0
DA:151,0
DA:153,0
DA:160,0
DA:161,0
DA:162,0
DA:168,0
DA:169,0
DA:170,0
DA:171,0
DA:172,0
DA:175,0
DA:176,0
DA:177,0
DA:178,0
DA:181,0
DA:182,0
DA:190,0
DA:192,0
DA:193,0
DA:194,0
DA:197,0
DA:198,0
DA:199,0
DA:200,0
DA:203,0
DA:205,0
DA:207,0
DA:210,0
DA:213,0
DA:220,0
DA:221,0
DA:224,0
DA:235,0
DA:236,0
DA:240,0
DA:241,0
DA:243,0
DA:244,0
DA:247,0
DA:253,0
DA:258,0
DA:261,0
DA:262,0
DA:263,0
DA:265,0
DA:284,0
DA:285,0
DA:286,0
DA:292,0
DA:293,0
DA:294,0
DA:297,0
DA:298,0
DA:302,0
DA:303,0
DA:309,0
DA:312,0
DA:314,0
DA:322,0
DA:323,0
DA:325,0
DA:327,0
DA:332,0
DA:341,0
DA:342,0
DA:343,0
DA:346,0
DA:347,0
DA:352,0
DA:356,0
LF:106
LH:0
BRDA:82,0,0,0
BRDA:119,1,0,0
BRDA:119,1,1,0
BRDA:149,2,0,0
BRDA:149,2,1,0
BRDA:169,3,0,0
BRDA:169,3,1,0
BRDA:171,4,0,0
BRDA:171,4,1,0
BRDA:176,5,0,0
BRDA:176,5,1,0
BRDA:192,6,0,0
BRDA:192,6,1,0
BRDA:192,7,0,0
BRDA:192,7,1,0
BRDA:192,7,2,0
BRDA:198,8,0,0
BRDA:198,8,1,0
BRDA:235,9,0,0
BRDA:235,9,1,0
BRDA:261,10,0,0
BRDA:261,10,1,0
BRDA:293,11,0,0
BRDA:293,11,1,0
BRDA:312,12,0,0
BRDA:312,12,1,0
BRDA:332,13,0,0
BRDA:332,13,1,0
BRDA:332,14,0,0
BRDA:332,14,1,0
BRDA:342,15,0,0
BRDA:342,15,1,0
BRDA:343,16,0,0
BRDA:343,16,1,0
BRDA:347,17,0,0
BRDA:347,17,1,0
BRDA:348,18,0,0
BRDA:348,18,1,0
BRDA:348,18,2,0
BRF:39
BRH:0
end_of_record
TN:
SF:hooks/useOnboarding.ts
FN:38,(anonymous_0)
FN:40,(anonymous_1)
FN:41,(anonymous_2)
FN:44,(anonymous_3)
FNF:4
FNH:4
FNDA:1,(anonymous_0)
FNDA:38,(anonymous_1)
FNDA:38,(anonymous_2)
FNDA:20,(anonymous_3)
DA:30,1
DA:38,1
DA:41,38
DA:45,20
LF:4
LH:4
BRF:0
BRH:0
end_of_record
TN:
SF:hooks/useProgress.ts
FN:30,useProgress
FN:34,(anonymous_1)
FN:36,(anonymous_2)
FNF:3
FNH:0
FNDA:0,useProgress
FNDA:0,(anonymous_1)
FNDA:0,(anonymous_2)
DA:31,0
DA:32,0
DA:34,0
DA:36,0
DA:37,0
DA:69,0
DA:73,0
LF:7
LH:0
BRF:0
BRH:0
end_of_record
TN:
SF:hooks/useSpacedRepetition.ts
FN:54,useSpacedRepetition
FN:65,(anonymous_1)
FN:90,(anonymous_2)
FN:133,(anonymous_3)
FN:195,useBatchSpacedRepetition
FN:206,(anonymous_5)
FN:215,(anonymous_6)
FN:223,(anonymous_7)
FN:241,(anonymous_8)
FN:242,(anonymous_9)
FNF:10
FNH:0
FNDA:0,useSpacedRepetition
FNDA:0,(anonymous_1)
FNDA:0,(anonymous_2)
FNDA:0,(anonymous_3)
FNDA:0,useBatchSpacedRepetition
FNDA:0,(anonymous_5)
FNDA:0,(anonymous_6)
FNDA:0,(anonymous_7)
FNDA:0,(anonymous_8)
FNDA:0,(anonymous_9)
DA:58,0
DA:59,0
DA:60,0
DA:65,0
DA:66,0
DA:67,0
DA:68,0
DA:71,0
DA:72,0
DA:74,0
DA:75,0
DA:76,0
DA:78,0
DA:79,0
DA:80,0
DA:82,0
DA:89,0
DA:91,0
DA:92,0
DA:95,0
DA:96,0
DA:98,0
DA:100,0
DA:103,0
DA:109,0
DA:111,0
DA:112,0
DA:117,0
DA:118,0
DA:119,0
DA:120,0
DA:122,0
DA:132,0
DA:134,0
DA:137,0
DA:143,0
DA:154,0
DA:155,0
DA:159,0
DA:199,0
DA:200,0
DA:201,0
DA:206,0
DA:207,0
DA:208,0
DA:211,0
DA:212,0
DA:214,0
DA:215,0
DA:216,0
DA:219,0
DA:222,0
DA:223,0
DA:224,0
DA:227,0
DA:230,0
DA:231,0
DA:232,0
DA:234,0
DA:241,0
DA:242,0
DA:243,0
DA:247,0
LF:63
LH:0
BRDA:66,0,0,0
BRDA:66,0,1,0
BRDA:66,1,0,0
BRDA:66,1,1,0
BRDA:78,2,0,0
BRDA:78,2,1,0
BRDA:91,3,0,0
BRDA:91,3,1,0
BRDA:91,4,0,0
BRDA:91,4,1,0
BRDA:117,5,0,0
BRDA:117,5,1,0
BRDA:137,6,0,0
BRDA:137,6,1,0
BRDA:154,7,0,0
BRDA:154,7,1,0
BRDA:155,8,0,0
BRDA:155,8,1,0
BRDA:207,9,0,0
BRDA:207,9,1,0
BRDA:207,10,0,0
BRDA:207,10,1,0
BRDA:230,11,0,0
BRDA:230,11,1,0
BRF:24
BRH:0
end_of_record
TN:
SF:lib/api/staircases.ts
FN:59,completeOnboarding
FN:109,(anonymous_1)
FN:133,(anonymous_2)
FN:168,getUserStaircaseProgress
FN:206,(anonymous_4)
FN:214,(anonymous_5)
FN:216,(anonymous_6)
FN:237,completeStep
FN:266,(anonymous_8)
FN:272,(anonymous_9)
FN:315,updateStepProgress
FN:349,getUserMedals
FNF:12
FNH:0
FNDA:0,completeOnboarding
FNDA:0,(anonymous_1)
FNDA:0,(anonymous_2)
FNDA:0,getUserStaircaseProgress
FNDA:0,(anonymous_4)
FNDA:0,(anonymous_5)
FNDA:0,(anonymous_6)
FNDA:0,completeStep
FNDA:0,(anonymous_8)
FNDA:0,(anonymous_9)
FNDA:0,updateStepProgress
FNDA:0,getUserMedals
DA:63,0
DA:65,0
DA:75,0
DA:76,0
DA:77,0
DA:81,0
DA:84,0
DA:103,0
DA:104,0
DA:105,0
DA:109,0
DA:122,0
DA:127,0
DA:128,0
DA:129,0
DA:133,0
DA:139,0
DA:143,0
DA:144,0
DA:145,0
DA:149,0
DA:157,0
DA:158,0
DA:175,0
DA:177,0
DA:184,0
DA:185,0
DA:189,0
DA:195,0
DA:196,0
DA:200,0
DA:206,0
DA:209,0
DA:210,0
DA:214,0
DA:215,0
DA:216,0
DA:219,0
DA:223,0
DA:229,0
DA:230,0
DA:241,0
DA:243,0
DA:253,0
DA:254,0
DA:255,0
DA:259,0
DA:261,0
DA:262,0
DA:266,0
DA:267,0
DA:268,0
DA:272,0
DA:274,0
DA:275,0
DA:284,0
DA:285,0
DA:286,0
DA:289,0
DA:292,0
DA:300,0
DA:301,0
DA:304,0
DA:307,0
DA:308,0
DA:324,0
DA:325,0
DA:334,0
DA:335,0
DA:336,0
DA:339,0
DA:341,0
DA:342,0
DA:350,0
DA:351,0
DA:358,0
DA:359,0
DA:360,0
DA:363,0
DA:365,0
DA:366,0
LF:81
LH:0
BRDA:75,0,0,0
BRDA:75,0,1,0
BRDA:103,1,0,0
BRDA:103,1,1,0
BRDA:103,2,0,0
BRDA:103,2,1,0
BRDA:105,3,0,0
BRDA:105,3,1,0
BRDA:127,4,0,0
BRDA:127,4,1,0
BRDA:127,5,0,0
BRDA:127,5,1,0
BRDA:129,6,0,0
BRDA:129,6,1,0
BRDA:136,7,0,0
BRDA:136,7,1,0
BRDA:143,8,0,0
BRDA:143,8,1,0
BRDA:160,9,0,0
BRDA:160,9,1,0
BRDA:184,10,0,0
BRDA:184,10,1,0
BRDA:184,11,0,0
BRDA:184,11,1,0
BRDA:195,12,0,0
BRDA:195,12,1,0
BRDA:195,13,0,0
BRDA:195,13,1,0
BRDA:209,14,0,0
BRDA:209,14,1,0
BRDA:209,15,0,0
BRDA:209,15,1,0
BRDA:215,16,0,0
BRDA:215,16,1,0
BRDA:219,17,0,0
BRDA:219,17,1,0
BRDA:219,18,0,0
BRDA:219,18,1,0
BRDA:253,19,0,0
BRDA:253,19,1,0
BRDA:261,20,0,0
BRDA:261,20,1,0
BRDA:267,21,0,0
BRDA:267,21,1,0
BRDA:274,22,0,0
BRDA:274,22,1,0
BRDA:284,23,0,0
BRDA:284,23,1,0
BRDA:300,24,0,0
BRDA:300,24,1,0
BRDA:334,25,0,0
BRDA:334,25,1,0
BRDA:358,26,0,0
BRDA:358,26,1,0
BRDA:363,27,0,0
BRDA:363,27,1,0
BRF:56
BRH:0
end_of_record
TN:
SF:lib/config/env.ts
FN:11,getEnvVar
FN:36,(anonymous_1)
FN:40,(anonymous_2)
FN:48,validateEnvironment
FN:78,logEnvironmentStatus
FNF:5
FNH:0
FNDA:0,getEnvVar
FNDA:0,(anonymous_1)
FNDA:0,(anonymous_2)
FNDA:0,validateEnvironment
FNDA:0,logEnvironmentStatus
DA:12,0
DA:14,0
DA:15,0
DA:21,0
DA:27,0
DA:37,0
DA:41,0
DA:49,0
DA:51,0
DA:52,0
DA:55,0
DA:56,0
DA:60,0
DA:61,0
DA:65,0
DA:66,0
DA:69,0
DA:79,0
DA:80,0
DA:81,0
DA:82,0
LF:21
LH:0
BRDA:11,0,0,0
BRDA:14,1,0,0
BRDA:14,1,1,0
BRDA:14,2,0,0
BRDA:14,2,1,0
BRDA:21,3,0,0
BRDA:21,3,1,0
BRDA:37,4,0,0
BRDA:37,4,1,0
BRDA:51,5,0,0
BRDA:51,5,1,0
BRDA:55,6,0,0
BRDA:55,6,1,0
BRDA:60,7,0,0
BRDA:60,7,1,0
BRDA:60,8,0,0
BRDA:60,8,1,0
BRDA:65,9,0,0
BRDA:65,9,1,0
BRDA:80,10,0,0
BRDA:80,10,1,0
BRDA:81,11,0,0
BRDA:81,11,1,0
BRDA:82,12,0,0
BRDA:82,12,1,0
BRF:25
BRH:0
end_of_record
TN:
SF:lib/db/database.ts
FN:23,(anonymous_0)
FN:28,(anonymous_1)
FN:38,(anonymous_2)
FN:64,(anonymous_3)
FN:95,(anonymous_4)
FN:107,(anonymous_5)
FN:114,(anonymous_6)
FN:131,(anonymous_7)
FN:132,(anonymous_8)
FNF:9
FNH:0
FNDA:0,(anonymous_0)
FNDA:0,(anonymous_1)
FNDA:0,(anonymous_2)
FNDA:0,(anonymous_3)
FNDA:0,(anonymous_4)
FNDA:0,(anonymous_5)
FNDA:0,(anonymous_6)
FNDA:0,(anonymous_7)
FNDA:0,(anonymous_8)
DA:10,0
DA:11,0
DA:12,0
DA:19,0
DA:20,0
DA:21,0
DA:29,0
DA:30,0
DA:32,0
DA:40,0
DA:41,0
DA:45,0
DA:46,0
DA:50,0
DA:52,0
DA:53,0
DA:54,0
DA:55,0
DA:57,0
DA:67,0
DA:68,0
DA:69,0
DA:70,0
DA:71,0
DA:73,0
DA:75,0
DA:76,0
DA:84,0
DA:85,0
DA:86,0
DA:88,0
DA:96,0
DA:97,0
DA:101,0
DA:108,0
DA:115,0
DA:116,0
DA:117,0
DA:118,0
DA:120,0
DA:122,0
DA:123,0
DA:132,0
DA:137,0
LF:44
LH:0
BRDA:29,0,0,0
BRDA:29,0,1,0
BRDA:40,1,0,0
BRDA:40,1,1,0
BRDA:40,2,0,0
BRDA:40,2,1,0
BRDA:45,3,0,0
BRDA:45,3,1,0
BRDA:65,4,0,0
BRDA:75,5,0,0
BRDA:75,5,1,0
BRDA:78,6,0,0
BRDA:78,6,1,0
BRDA:96,7,0,0
BRDA:96,7,1,0
BRDA:96,8,0,0
BRDA:96,8,1,0
BRDA:108,9,0,0
BRDA:108,9,1,0
BRDA:115,10,0,0
BRDA:115,10,1,0
BRF:21
BRH:0
end_of_record
TN:
SF:lib/db/flashcards.ts
FN:23,initializeFlashcardDB
FN:111,insertSampleFlashcards
FN:158,getFlashcardsDueForReview
FN:178,(anonymous_3)
FN:187,getOrCreateProgress
FN:248,updateFlashcardProgress
FN:309,createReviewSession
FN:325,updateReviewSession
FN:342,recordFlashcardReview
FNF:9
FNH:0
FNDA:0,initializeFlashcardDB
FNDA:0,insertSampleFlashcards
FNDA:0,getFlashcardsDueForReview
FNDA:0,(anonymous_3)
FNDA:0,getOrCreateProgress
FNDA:0,updateFlashcardProgress
FNDA:0,createReviewSession
FNDA:0,updateReviewSession
FNDA:0,recordFlashcardReview
DA:24,0
DA:26,0
DA:27,0
DA:30,0
DA:101,0
DA:103,0
DA:104,0
DA:112,0
DA:115,0
DA:119,0
DA:120,0
DA:121,0
DA:124,0
DA:127,0
DA:130,0
DA:131,0
DA:132,0
DA:152,0
DA:162,0
DA:163,0
DA:165,0
DA:178,0
DA:191,0
DA:194,0
DA:199,0
DA:200,0
DA:204,0
DA:205,0
DA:206,0
DA:208,0
DA:223,0
DA:242,0
DA:253,0
DA:254,0
DA:257,0
DA:265,0
DA:266,0
DA:267,0
DA:268,0
DA:269,0
DA:271,0
DA:292,0
DA:310,0
DA:311,0
DA:312,0
DA:314,0
DA:319,0
DA:330,0
DA:331,0
DA:333,0
DA:350,0
DA:351,0
DA:352,0
DA:354,0
LF:54
LH:0
BRDA:119,0,0,0
BRDA:119,0,1,0
BRDA:119,1,0,0
BRDA:119,1,1,0
BRDA:139,2,0,0
BRDA:139,2,1,0
BRDA:144,3,0,0
BRDA:144,3,1,0
BRDA:145,4,0,0
BRDA:145,4,1,0
BRDA:160,5,0,0
BRDA:199,6,0,0
BRDA:199,6,1,0
BRDA:267,7,0,0
BRDA:267,7,1,0
BRDA:268,8,0,0
BRDA:268,8,1,0
BRF:17
BRH:0
end_of_record
TN:
SF:lib/db/sample-vocabulary.ts
FN:599,getVocabularyStats
FNF:1
FNH:0
FNDA:0,getVocabularyStats
DA:15,0
DA:186,0
DA:357,0
DA:473,0
DA:589,0
DA:600,0
LF:6
LH:0
BRF:0
BRH:0
end_of_record
TN:
SF:lib/db/sqlite.ts
FN:10,initializeDatabase
FN:110,getDueFlashcards
FN:128,saveFlashcardReview
FN:155,updateUserProgress
FN:176,updateStreakData
FN:218,getStreakData
FN:234,getUnsyncedData
FN:253,markAsSynced
FN:254,(anonymous_8)
FNF:9
FNH:0
FNDA:0,initializeDatabase
FNDA:0,getDueFlashcards
FNDA:0,saveFlashcardReview
FNDA:0,updateUserProgress
FNDA:0,updateStreakData
FNDA:0,getStreakData
FNDA:0,getUnsyncedData
FNDA:0,markAsSynced
FNDA:0,(anonymous_8)
DA:4,0
DA:11,0
DA:13,0
DA:27,0
DA:46,0
DA:60,0
DA:77,0
DA:89,0
DA:100,0
DA:102,0
DA:103,0
DA:111,0
DA:113,0
DA:122,0
DA:136,0
DA:137,0
DA:139,0
DA:161,0
DA:162,0
DA:164,0
DA:170,0
DA:177,0
DA:179,0
DA:184,0
DA:186,0
DA:191,0
DA:192,0
DA:194,0
DA:196,0
DA:198,0
DA:201,0
DA:204,0
DA:205,0
DA:207,0
DA:219,0
DA:224,0
DA:235,0
DA:239,0
DA:243,0
DA:247,0
DA:254,0
DA:255,0
LF:42
LH:0
BRDA:159,0,0,0
BRDA:167,1,0,0
BRDA:167,1,1,0
BRDA:167,2,0,0
BRDA:167,2,1,0
BRDA:184,3,0,0
BRDA:184,3,1,0
BRDA:194,4,0,0
BRDA:194,4,1,0
BRDA:196,5,0,0
BRDA:196,5,1,0
BRDA:224,6,0,0
BRDA:224,6,1,0
BRF:13
BRH:0
end_of_record
TN:
SF:lib/db/supabase.ts
FNF:0
FNH:0
DA:7,0
DA:8,0
DA:14,0
LF:3
LH:0
BRDA:7,0,0,0
BRDA:7,0,1,0
BRF:2
BRH:0
end_of_record
TN:
SF:lib/db/sync.ts
FN:5,syncData
FN:20,(anonymous_1)
FN:35,(anonymous_2)
FN:43,(anonymous_3)
FN:56,(anonymous_4)
FNF:5
FNH:0
FNDA:0,syncData
FNDA:0,(anonymous_1)
FNDA:0,(anonymous_2)
FNDA:0,(anonymous_3)
FNDA:0,(anonymous_4)
DA:6,0
DA:7,0
DA:8,0
DA:9,0
DA:12,0
DA:14,0
DA:15,0
DA:18,0
DA:19,0
DA:20,0
DA:32,0
DA:33,0
DA:35,0
DA:36,0
DA:41,0
DA:42,0
DA:43,0
DA:53,0
DA:54,0
DA:56,0
DA:57,0
DA:65,0
DA:66,0
DA:67,0
DA:68,0
DA:76,0
DA:77,0
DA:79,0
DA:80,0
DA:85,0
DA:87,0
LF:31
LH:0
BRDA:7,0,0,0
BRDA:7,0,1,0
BRDA:7,1,0,0
BRDA:7,1,1,0
BRDA:18,2,0,0
BRDA:18,2,1,0
BRDA:32,3,0,0
BRDA:32,3,1,0
BRDA:41,4,0,0
BRDA:41,4,1,0
BRDA:49,5,0,0
BRDA:49,5,1,0
BRDA:53,6,0,0
BRDA:53,6,1,0
BRDA:65,7,0,0
BRDA:65,7,1,0
BRDA:72,8,0,0
BRDA:72,8,1,0
BRDA:76,9,0,0
BRDA:76,9,1,0
BRF:20
BRH:0
end_of_record
TN:
SF:lib/gemini/staircase-generator.ts
FN:17,getGenAI
FN:25,__setGenAIForTesting
FN:60,generatePersonalizedStaircase
FN:119,(anonymous_3)
FN:132,(anonymous_4)
FN:161,generateFallbackStaircase
FN:207,(anonymous_6)
FNF:7
FNH:7
FNDA:10,getGenAI
FNDA:20,__setGenAIForTesting
FNDA:10,generatePersonalizedStaircase
FNDA:10,(anonymous_3)
FNDA:10,(anonymous_4)
FNDA:3,generateFallbackStaircase
FNDA:9,(anonymous_6)
DA:9,1
DA:11,1
DA:12,1
DA:16,1
DA:18,10
DA:19,0
DA:21,10
DA:26,20
DA:63,10
DA:64,10
DA:66,9
DA:108,9
DA:109,7
DA:110,7
DA:113,7
DA:116,7
DA:119,10
DA:132,10
DA:134,7
DA:142,7
DA:149,7
DA:151,3
DA:154,3
DA:162,3
DA:164,3
DA:203,3
DA:207,9
LF:27
LH:26
BRDA:9,0,0,1
BRDA:9,0,1,1
BRDA:11,1,0,1
BRDA:11,1,1,0
BRDA:18,2,0,0
BRDA:18,2,1,10
BRDA:121,3,0,10
BRDA:121,3,1,0
BRDA:122,4,0,10
BRDA:122,4,1,0
BRDA:123,5,0,10
BRDA:123,5,1,1
BRDA:124,6,0,10
BRDA:124,6,1,1
BRDA:125,7,0,10
BRDA:125,7,1,1
BRDA:126,8,0,10
BRDA:126,8,1,1
BRDA:127,9,0,10
BRDA:127,9,1,1
BRDA:128,10,0,10
BRDA:128,10,1,1
BRDA:129,11,0,10
BRDA:129,11,1,1
BRF:24
BRH:20
end_of_record
TN:
SF:lib/spaced-repetition/sm2.ts
FN:53,calculateSM2
FN:108,simpleToReviewQuality
FN:125,isDueForReview
FN:142,getDaysUntilReview
FN:161,initializeSM2
FNF:5
FNH:0
FNDA:0,calculateSM2
FNDA:0,simpleToReviewQuality
FNDA:0,isDueForReview
FNDA:0,getDaysUntilReview
FNDA:0,initializeSM2
DA:40,0
DA:54,0
DA:56,0
DA:57,0
DA:58,0
DA:62,0
DA:66,0
DA:67,0
DA:71,0
DA:73,0
DA:74,0
DA:77,0
DA:78,0
DA:79,0
DA:80,0
DA:83,0
DA:85,0
DA:89,0
DA:90,0
DA:91,0
DA:93,0
DA:109,0
DA:111,0
DA:113,0
DA:115,0
DA:126,0
DA:127,0
DA:130,0
DA:131,0
DA:133,0
DA:143,0
DA:144,0
DA:147,0
DA:148,0
DA:150,0
DA:151,0
DA:153,0
DA:162,0
LF:38
LH:0
BRDA:66,0,0,0
BRDA:66,0,1,0
BRDA:71,1,0,0
BRDA:71,1,1,0
BRDA:77,2,0,0
BRDA:77,2,1,0
BRDA:79,3,0,0
BRDA:79,3,1,0
BRDA:109,4,0,0
BRDA:109,4,1,0
BRDA:109,4,2,0
BRDA:130,5,0,0
BRDA:130,5,1,0
BRDA:147,6,0,0
BRDA:147,6,1,0
BRF:15
BRH:0
end_of_record
